#
# There is insufficient memory for the Java Runtime Environment to continue.
# Native memory allocation (malloc) failed to allocate 997376 bytes for Chunk::new
# Possible reasons:
#   The system is out of physical RAM or swap space
#   The process is running with CompressedOops enabled, and the Java Heap may be blocking the growth of the native heap
# Possible solutions:
#   Reduce memory load on the system
#   Increase physical memory or swap space
#   Check if swap backing store is full
#   Decrease Java heap size (-Xmx/-Xms)
#   Decrease number of Java threads
#   Decrease Java thread stack sizes (-Xss)
#   Set larger code cache with -XX:ReservedCodeCacheSize=
#   JVM is running with Unscaled Compressed Oops mode in which the Java heap is
#     placed in the first 4GB address space. The Java Heap base address is the
#     maximum limit for the native heap growth. Please use -XX:HeapBaseMinAddress
#     to set the Java Heap base and to place the Java Heap above 4GB virtual address.
# This output file may be truncated or incomplete.
#
#  Out of Memory Error (allocation.cpp:389), pid=14720, tid=0x00000000000038fc
#
# JRE version: OpenJDK Runtime Environment (8.0_242-b01) (build 1.8.0_242-release-1644-b01)
# Java VM: OpenJDK 64-Bit Server VM (25.242-b01 mixed mode windows-amd64 compressed oops)
# Failed to write core dump. Minidumps are not enabled by default on client versions of Windows
#

---------------  T H R E A D  ---------------

Current thread (0x0000000019531800):  JavaThread "C2 CompilerThread0" daemon [_thread_in_native, id=14588, stack(0x0000000019e00000,0x0000000019f00000)]

Stack: [0x0000000019e00000,0x0000000019f00000]
[error occurred during error reporting (printing stack bounds), id 0xc0000005]

Native frames: (J=compiled Java code, j=interpreted, Vv=VM code, C=native code)


Current CompileTask:
C2:  23130 7419       4       org.gradle.cache.internal.btree.FreeListBlockStore$FreeListBlock::alloc (240 bytes)


---------------  P R O C E S S  ---------------

Java Threads: ( => current thread )
  0x0000000020361000 JavaThread "WorkerExecutor Queue" [_thread_blocked, id=2340, stack(0x000000002c9a0000,0x000000002caa0000)]
  0x0000000020360800 JavaThread "Cache worker for execution history cache (C:\Users\Saurabh Tripathi\AndroidStudioProjects\Oxi\.gradle\6.5\executionHistory)" [_thread_blocked, id=9836, stack(0x000000002c6a0000,0x000000002c7a0000)]
  0x0000000020359000 JavaThread "Execution worker for ':' Thread 7" [_thread_blocked, id=11988, stack(0x000000002c5a0000,0x000000002c6a0000)]
  0x000000002035f800 JavaThread "Execution worker for ':' Thread 6" [_thread_blocked, id=6352, stack(0x000000002c4a0000,0x000000002c5a0000)]
  0x000000002035e000 JavaThread "Execution worker for ':' Thread 5" [_thread_blocked, id=2108, stack(0x000000002c3a0000,0x000000002c4a0000)]
  0x000000002035c800 JavaThread "Execution worker for ':' Thread 4" [_thread_blocked, id=2832, stack(0x000000002c2a0000,0x000000002c3a0000)]
  0x000000002035c000 JavaThread "Execution worker for ':' Thread 3" [_thread_blocked, id=11328, stack(0x000000002c1a0000,0x000000002c2a0000)]
  0x000000002035d800 JavaThread "Execution worker for ':' Thread 2" [_thread_blocked, id=12220, stack(0x000000002c0a0000,0x000000002c1a0000)]
  0x0000000020358000 JavaThread "Execution worker for ':'" [_thread_blocked, id=100, stack(0x000000002b8e0000,0x000000002b9e0000)]
  0x000000002035f000 JavaThread "Cache worker for file content cache (C:\Users\Saurabh Tripathi\AndroidStudioProjects\Oxi\.gradle\6.5\fileContent)" [_thread_blocked, id=10616, stack(0x000000002a760000,0x000000002a860000)]
  0x0000000020354000 JavaThread "Memory manager" [_thread_blocked, id=2168, stack(0x0000000029520000,0x0000000029620000)]
  0x000000002035b000 JavaThread "Cache worker for Build Output Cleanup Cache (C:\Users\Saurabh Tripathi\AndroidStudioProjects\Oxi\.gradle\buildOutputCleanup)" [_thread_blocked, id=11568, stack(0x0000000029690000,0x0000000029790000)]
  0x0000000020355000 JavaThread "jar transforms Thread 94" [_thread_blocked, id=3900, stack(0x000000002a660000,0x000000002a760000)]
  0x0000000020356000 JavaThread "jar transforms Thread 93" [_thread_blocked, id=15168, stack(0x000000002a560000,0x000000002a660000)]
  0x0000000020359800 JavaThread "jar transforms Thread 92" [_thread_blocked, id=5848, stack(0x000000002a460000,0x000000002a560000)]
  0x0000000021647000 JavaThread "jar transforms Thread 91" [_thread_blocked, id=4152, stack(0x000000002a360000,0x000000002a460000)]
  0x0000000021646800 JavaThread "jar transforms Thread 90" [_thread_blocked, id=9864, stack(0x000000002a260000,0x000000002a360000)]
  0x0000000021645000 JavaThread "jar transforms Thread 89" [_thread_blocked, id=5024, stack(0x000000002a160000,0x000000002a260000)]
  0x0000000021642800 JavaThread "jar transforms Thread 88" [_thread_blocked, id=12020, stack(0x000000002a060000,0x000000002a160000)]
  0x0000000021648000 JavaThread "jar transforms Thread 87" [_thread_blocked, id=8088, stack(0x0000000029f60000,0x000000002a060000)]
  0x0000000021644000 JavaThread "jar transforms Thread 86" [_thread_blocked, id=8304, stack(0x0000000029e60000,0x0000000029f60000)]
  0x0000000021645800 JavaThread "jar transforms Thread 85" [_thread_blocked, id=13804, stack(0x0000000029d60000,0x0000000029e60000)]
  0x0000000021643800 JavaThread "jar transforms Thread 84" [_thread_blocked, id=6988, stack(0x0000000029c60000,0x0000000029d60000)]
  0x0000000021642000 JavaThread "jar transforms Thread 83" [_thread_blocked, id=8428, stack(0x0000000029b60000,0x0000000029c60000)]
  0x000000002163a800 JavaThread "jar transforms Thread 82" [_thread_blocked, id=9304, stack(0x0000000029a60000,0x0000000029b60000)]
  0x0000000021641000 JavaThread "jar transforms Thread 81" [_thread_blocked, id=888, stack(0x0000000029960000,0x0000000029a60000)]
  0x0000000021639800 JavaThread "jar transforms Thread 80" [_thread_blocked, id=6664, stack(0x0000000029860000,0x0000000029960000)]
  0x0000000021640800 JavaThread "jar transforms Thread 79" [_thread_blocked, id=11572, stack(0x0000000029420000,0x0000000029520000)]
  0x0000000021639000 JavaThread "jar transforms Thread 78" [_thread_blocked, id=7972, stack(0x0000000029320000,0x0000000029420000)]
  0x000000002163b000 JavaThread "jar transforms Thread 77" [_thread_blocked, id=10604, stack(0x0000000029220000,0x0000000029320000)]
  0x000000002163f000 JavaThread "jar transforms Thread 76" [_thread_blocked, id=8356, stack(0x0000000029120000,0x0000000029220000)]
  0x000000002163d800 JavaThread "jar transforms Thread 75" [_thread_blocked, id=10836, stack(0x0000000029020000,0x0000000029120000)]
  0x000000002163c800 JavaThread "jar transforms Thread 74" [_thread_blocked, id=936, stack(0x0000000028f20000,0x0000000029020000)]
  0x000000002163e000 JavaThread "jar transforms Thread 73" [_thread_blocked, id=4972, stack(0x0000000028e20000,0x0000000028f20000)]
  0x000000002163c000 JavaThread "jar transforms Thread 72" [_thread_blocked, id=14248, stack(0x0000000028d20000,0x0000000028e20000)]
  0x000000002163f800 JavaThread "jar transforms Thread 71" [_thread_blocked, id=6504, stack(0x0000000028c20000,0x0000000028d20000)]
  0x0000000020315000 JavaThread "jar transforms Thread 70" [_thread_blocked, id=1924, stack(0x0000000028b20000,0x0000000028c20000)]
  0x000000002031b000 JavaThread "jar transforms Thread 69" [_thread_blocked, id=11060, stack(0x0000000028a20000,0x0000000028b20000)]
  0x0000000020316800 JavaThread "jar transforms Thread 68" [_thread_blocked, id=6644, stack(0x0000000028920000,0x0000000028a20000)]
  0x0000000020319800 JavaThread "jar transforms Thread 67" [_thread_blocked, id=14144, stack(0x0000000028820000,0x0000000028920000)]
  0x000000002031a800 JavaThread "jar transforms Thread 66" [_thread_blocked, id=11308, stack(0x0000000028720000,0x0000000028820000)]
  0x0000000020318800 JavaThread "jar transforms Thread 65" [_thread_blocked, id=344, stack(0x0000000028620000,0x0000000028720000)]
  0x0000000020315800 JavaThread "jar transforms Thread 64" [_thread_blocked, id=980, stack(0x0000000028520000,0x0000000028620000)]
  0x0000000020318000 JavaThread "jar transforms Thread 63" [_thread_blocked, id=3548, stack(0x0000000028420000,0x0000000028520000)]
  0x0000000020317000 JavaThread "jar transforms Thread 62" [_thread_blocked, id=12280, stack(0x0000000028320000,0x0000000028420000)]
  0x000000002030d800 JavaThread "jar transforms Thread 61" [_thread_blocked, id=14184, stack(0x0000000028220000,0x0000000028320000)]
  0x000000002030f800 JavaThread "jar transforms Thread 60" [_thread_blocked, id=13144, stack(0x0000000028120000,0x0000000028220000)]
  0x0000000020314000 JavaThread "jar transforms Thread 59" [_thread_blocked, id=2276, stack(0x0000000028020000,0x0000000028120000)]
  0x000000002030c800 JavaThread "jar transforms Thread 58" [_thread_blocked, id=7088, stack(0x0000000027f20000,0x0000000028020000)]
  0x0000000020312800 JavaThread "jar transforms Thread 57" [_thread_blocked, id=10692, stack(0x0000000027e20000,0x0000000027f20000)]
  0x000000002030f000 JavaThread "jar transforms Thread 56" [_thread_blocked, id=10988, stack(0x0000000027d20000,0x0000000027e20000)]
  0x000000002030e000 JavaThread "jar transforms Thread 55" [_thread_blocked, id=2640, stack(0x0000000027c20000,0x0000000027d20000)]
  0x0000000020312000 JavaThread "jar transforms Thread 54" [_thread_blocked, id=3348, stack(0x0000000027b20000,0x0000000027c20000)]
  0x0000000020313800 JavaThread "jar transforms Thread 53" [_thread_blocked, id=3412, stack(0x0000000027a20000,0x0000000027b20000)]
  0x0000000020311000 JavaThread "jar transforms Thread 52" [_thread_blocked, id=1264, stack(0x0000000027920000,0x0000000027a20000)]
  0x000000002030c000 JavaThread "jar transforms Thread 51" [_thread_blocked, id=14452, stack(0x0000000027820000,0x0000000027920000)]
  0x0000000020310800 JavaThread "jar transforms Thread 50" [_thread_blocked, id=5108, stack(0x0000000027720000,0x0000000027820000)]
  0x000000001c2b2000 JavaThread "jar transforms Thread 49" [_thread_blocked, id=10244, stack(0x0000000027620000,0x0000000027720000)]
  0x000000001c2b1800 JavaThread "jar transforms Thread 48" [_thread_blocked, id=3888, stack(0x0000000027520000,0x0000000027620000)]
  0x000000001c2b0800 JavaThread "jar transforms Thread 47" [_thread_blocked, id=2164, stack(0x0000000027420000,0x0000000027520000)]
  0x000000001c2af800 JavaThread "jar transforms Thread 46" [_thread_blocked, id=12016, stack(0x0000000027320000,0x0000000027420000)]
  0x000000001c2b6000 JavaThread "jar transforms Thread 45" [_thread_blocked, id=10816, stack(0x0000000027220000,0x0000000027320000)]
  0x000000001c2b4800 JavaThread "jar transforms Thread 44" [_thread_blocked, id=10164, stack(0x0000000027120000,0x0000000027220000)]
  0x000000001c2b3800 JavaThread "jar transforms Thread 43" [_thread_blocked, id=1048, stack(0x0000000027020000,0x0000000027120000)]
  0x000000001c2b3000 JavaThread "jar transforms Thread 42" [_thread_blocked, id=792, stack(0x0000000026f20000,0x0000000027020000)]
  0x000000001c2b5000 JavaThread "jar transforms Thread 41" [_thread_blocked, id=8748, stack(0x0000000026e20000,0x0000000026f20000)]
  0x000000001c2a8000 JavaThread "jar transforms Thread 40" [_thread_blocked, id=8988, stack(0x0000000026d20000,0x0000000026e20000)]
  0x000000001c2aa800 JavaThread "jar transforms Thread 39" [_thread_blocked, id=12644, stack(0x0000000026c20000,0x0000000026d20000)]
  0x000000001c2a9800 JavaThread "jar transforms Thread 38" [_thread_blocked, id=5664, stack(0x0000000026b20000,0x0000000026c20000)]
  0x000000001c2af000 JavaThread "jar transforms Thread 37" [_thread_blocked, id=3528, stack(0x0000000026a20000,0x0000000026b20000)]
  0x000000001c2a7800 JavaThread "jar transforms Thread 36" [_thread_blocked, id=7844, stack(0x0000000026920000,0x0000000026a20000)]
  0x000000001c2a9000 JavaThread "jar transforms Thread 35" [_thread_blocked, id=9460, stack(0x0000000026820000,0x0000000026920000)]
  0x000000001c2ae000 JavaThread "jar transforms Thread 34" [_thread_blocked, id=1676, stack(0x0000000026720000,0x0000000026820000)]
  0x000000001c2ac800 JavaThread "jar transforms Thread 33" [_thread_blocked, id=14056, stack(0x0000000026620000,0x0000000026720000)]
  0x000000001c2ab000 JavaThread "jar transforms Thread 32" [_thread_blocked, id=9412, stack(0x0000000026520000,0x0000000026620000)]
  0x000000001c2a6800 JavaThread "jar transforms Thread 31" [_thread_blocked, id=7012, stack(0x0000000026420000,0x0000000026520000)]
  0x000000001c2ad800 JavaThread "jar transforms Thread 30" [_thread_blocked, id=2124, stack(0x0000000026320000,0x0000000026420000)]
  0x000000001c2ac000 JavaThread "jar transforms Thread 29" [_thread_blocked, id=3056, stack(0x0000000026220000,0x0000000026320000)]
  0x000000001c9eb800 JavaThread "jar transforms Thread 28" [_thread_blocked, id=2292, stack(0x0000000026120000,0x0000000026220000)]
  0x000000001c9eb000 JavaThread "jar transforms Thread 27" [_thread_blocked, id=11284, stack(0x0000000026020000,0x0000000026120000)]
  0x000000001c9ea000 JavaThread "jar transforms Thread 26" [_thread_blocked, id=15020, stack(0x0000000025f20000,0x0000000026020000)]
  0x000000001c9ec800 JavaThread "jar transforms Thread 25" [_thread_blocked, id=10492, stack(0x0000000025e20000,0x0000000025f20000)]
  0x000000001c9e2800 JavaThread "jar transforms Thread 24" [_thread_blocked, id=9272, stack(0x0000000025d20000,0x0000000025e20000)]
  0x000000001c9e9800 JavaThread "jar transforms Thread 23" [_thread_blocked, id=8052, stack(0x0000000025c20000,0x0000000025d20000)]
  0x000000001c9e8800 JavaThread "jar transforms Thread 22" [_thread_blocked, id=3060, stack(0x0000000025b20000,0x0000000025c20000)]
  0x000000001c9e8000 JavaThread "jar transforms Thread 21" [_thread_blocked, id=8392, stack(0x0000000025a20000,0x0000000025b20000)]
  0x000000001c9e7000 JavaThread "jar transforms Thread 20" [_thread_blocked, id=14128, stack(0x0000000025920000,0x0000000025a20000)]
  0x000000001c9e6800 JavaThread "jar transforms Thread 19" [_thread_blocked, id=5528, stack(0x0000000025820000,0x0000000025920000)]
  0x000000001c9e5800 JavaThread "jar transforms Thread 18" [_thread_blocked, id=9640, stack(0x0000000025720000,0x0000000025820000)]
  0x000000001c9de000 JavaThread "jar transforms Thread 17" [_thread_blocked, id=14332, stack(0x0000000025620000,0x0000000025720000)]
  0x000000001c9e1800 JavaThread "jar transforms Thread 16" [_thread_blocked, id=6176, stack(0x0000000025520000,0x0000000025620000)]
  0x000000001c9e4800 JavaThread "jar transforms Thread 15" [_thread_blocked, id=3596, stack(0x0000000025420000,0x0000000025520000)]
  0x000000001c9e1000 JavaThread "jar transforms Thread 14" [_thread_blocked, id=6088, stack(0x0000000025320000,0x0000000025420000)]
  0x000000001c9e0000 JavaThread "jar transforms Thread 13" [_thread_blocked, id=14376, stack(0x0000000025220000,0x0000000025320000)]
  0x000000001c9dd000 JavaThread "jar transforms Thread 12" [_thread_blocked, id=14844, stack(0x0000000025120000,0x0000000025220000)]
  0x000000001c9e3000 JavaThread "jar transforms Thread 11" [_thread_blocked, id=9020, stack(0x0000000025020000,0x0000000025120000)]
  0x000000001c9e4000 JavaThread "jar transforms Thread 10" [_thread_blocked, id=6408, stack(0x0000000024f20000,0x0000000025020000)]
  0x000000001c9df800 JavaThread "jar transforms Thread 9" [_thread_blocked, id=6616, stack(0x0000000024e20000,0x0000000024f20000)]
  0x000000001c9de800 JavaThread "jar transforms Thread 8" [_thread_blocked, id=15192, stack(0x0000000024d20000,0x0000000024e20000)]
  0x000000001c3e9800 JavaThread "jar transforms Thread 7" [_thread_blocked, id=12728, stack(0x0000000024c20000,0x0000000024d20000)]
  0x000000001c3e9000 JavaThread "jar transforms Thread 6" [_thread_blocked, id=11224, stack(0x0000000024b20000,0x0000000024c20000)]
  0x000000001c3e8000 JavaThread "jar transforms Thread 5" [_thread_blocked, id=8108, stack(0x0000000024a20000,0x0000000024b20000)]
  0x000000001c3ea800 JavaThread "jar transforms Thread 4" [_thread_blocked, id=6932, stack(0x0000000024920000,0x0000000024a20000)]
  0x000000001c3e7800 JavaThread "jar transforms Thread 3" [_thread_blocked, id=14820, stack(0x0000000024820000,0x0000000024920000)]
  0x000000001c3e0000 JavaThread "jar transforms Thread 2" [_thread_blocked, id=1804, stack(0x0000000024720000,0x0000000024820000)]
  0x000000001c3e6800 JavaThread "Build operations Thread 8" [_thread_blocked, id=6612, stack(0x0000000024620000,0x0000000024720000)]
  0x000000001c3e6000 JavaThread "Build operations Thread 7" [_thread_blocked, id=5968, stack(0x0000000024520000,0x0000000024620000)]
  0x000000001c3e5000 JavaThread "Build operations Thread 6" [_thread_blocked, id=13836, stack(0x0000000024420000,0x0000000024520000)]
  0x000000001c3e3800 JavaThread "Build operations Thread 5" [_thread_blocked, id=5020, stack(0x0000000024320000,0x0000000024420000)]
  0x000000001c3e3000 JavaThread "Build operations Thread 4" [_thread_blocked, id=11636, stack(0x0000000024220000,0x0000000024320000)]
  0x000000001c3e1800 JavaThread "Build operations Thread 3" [_thread_blocked, id=2052, stack(0x0000000024120000,0x0000000024220000)]
  0x000000001c3df000 JavaThread "Build operations Thread 2" [_thread_blocked, id=14524, stack(0x0000000024020000,0x0000000024120000)]
  0x000000001c3dd800 JavaThread "Build operations" [_thread_blocked, id=11868, stack(0x0000000023f20000,0x0000000024020000)]
  0x000000001bc9d000 JavaThread "Cache worker for file content cache (C:\Users\Saurabh Tripathi\.gradle\caches\6.5\fileContent)" [_thread_blocked, id=6448, stack(0x0000000022850000,0x0000000022950000)]
  0x000000001bc9e000 JavaThread "jar transforms" [_thread_blocked, id=8608, stack(0x0000000022750000,0x0000000022850000)]
  0x000000001bc9f800 JavaThread "Cache worker for execution history cache (C:\Users\Saurabh Tripathi\.gradle\caches\6.5\executionHistory)" [_thread_blocked, id=13520, stack(0x0000000022050000,0x0000000022150000)]
  0x000000001bc9c800 JavaThread "Cache worker for cache directory md-rule (C:\Users\Saurabh Tripathi\.gradle\caches\6.5\md-rule)" [_thread_blocked, id=12128, stack(0x0000000021f50000,0x0000000022050000)]
  0x000000001bc9e800 JavaThread "Cache worker for cache directory md-supplier (C:\Users\Saurabh Tripathi\.gradle\caches\6.5\md-supplier)" [_thread_blocked, id=9440, stack(0x0000000020c10000,0x0000000020d10000)]
  0x000000001bc9b000 JavaThread "Cache worker for checksums cache (C:\Users\Saurabh Tripathi\AndroidStudioProjects\Oxi\.gradle\checksums)" [_thread_blocked, id=5656, stack(0x0000000020b10000,0x0000000020c10000)]
  0x000000001bca1800 JavaThread "Cache worker for file hash cache (C:\Users\Saurabh Tripathi\AndroidStudioProjects\Oxi\.gradle\6.5\fileHashes)" [_thread_blocked, id=6180, stack(0x000000001e620000,0x000000001e720000)]
  0x000000001bc9b800 JavaThread "Cache worker for file hash cache (C:\Users\Saurabh Tripathi\.gradle\caches\6.5\fileHashes)" [_thread_in_native, id=10964, stack(0x000000001e520000,0x000000001e620000)]
  0x000000001bca1000 JavaThread "File lock request listener" [_thread_in_native, id=2908, stack(0x000000001e420000,0x000000001e520000)]
  0x000000001c387000 JavaThread "Cache worker for journal cache (C:\Users\Saurabh Tripathi\.gradle\caches\journal-1)" [_thread_blocked, id=9488, stack(0x000000001e320000,0x000000001e420000)]
  0x000000001bd91800 JavaThread "Thread-9" [_thread_blocked, id=1068, stack(0x000000001e020000,0x000000001e120000)]
  0x000000001bc99000 JavaThread "Stdin handler" [_thread_blocked, id=3128, stack(0x000000001df20000,0x000000001e020000)]
  0x000000001bc95000 JavaThread "Asynchronous log dispatcher for DefaultDaemonConnection: socket connection from /127.0.0.1:59342 to /127.0.0.1:59343" [_thread_blocked, id=13368, stack(0x000000001de20000,0x000000001df20000)]
  0x000000001bd98800 JavaThread "Daemon worker" [_thread_blocked, id=12540, stack(0x000000001dd20000,0x000000001de20000)]
  0x000000001ba78800 JavaThread "Cancel handler" [_thread_blocked, id=5540, stack(0x000000001db20000,0x000000001dc20000)]
  0x000000001b12c000 JavaThread "Handler for socket connection from /127.0.0.1:59342 to /127.0.0.1:59343" [_thread_in_native, id=14652, stack(0x000000001da20000,0x000000001db20000)]
  0x000000001bca4800 JavaThread "Daemon" [_thread_blocked, id=13496, stack(0x000000001d920000,0x000000001da20000)]
  0x000000001bca3000 JavaThread "Daemon periodic checks" [_thread_blocked, id=2452, stack(0x000000001d620000,0x000000001d720000)]
  0x000000001b160800 JavaThread "Incoming local TCP Connector on port 59342" [_thread_in_native, id=9552, stack(0x000000001d3e0000,0x000000001d4e0000)]
  0x000000001b1bd800 JavaThread "Daemon health stats" [_thread_blocked, id=14840, stack(0x000000001cda0000,0x000000001cea0000)]
  0x00000000195c8000 JavaThread "Service Thread" daemon [_thread_blocked, id=12156, stack(0x000000001a200000,0x000000001a300000)]
  0x000000001953d800 JavaThread "C1 CompilerThread3" daemon [_thread_blocked, id=12176, stack(0x000000001a100000,0x000000001a200000)]
  0x0000000019536800 JavaThread "C2 CompilerThread2" daemon [_thread_blocked, id=10488, stack(0x000000001a000000,0x000000001a100000)]
  0x0000000019535800 JavaThread "C2 CompilerThread1" daemon [_thread_blocked, id=4916, stack(0x0000000019f00000,0x000000001a000000)]
=>0x0000000019531800 JavaThread "C2 CompilerThread0" daemon [_thread_in_native, id=14588, stack(0x0000000019e00000,0x0000000019f00000)]
  0x0000000019530800 JavaThread "Attach Listener" daemon [_thread_blocked, id=14692, stack(0x0000000019d00000,0x0000000019e00000)]
  0x000000001952f000 JavaThread "Signal Dispatcher" daemon [_thread_blocked, id=1076, stack(0x0000000019c00000,0x0000000019d00000)]
  0x0000000019520800 JavaThread "Finalizer" daemon [_thread_blocked, id=10888, stack(0x0000000019a00000,0x0000000019b00000)]
  0x0000000002667800 JavaThread "Reference Handler" daemon [_thread_blocked, id=7716, stack(0x0000000019900000,0x0000000019a00000)]
  0x0000000000c8e800 JavaThread "main" [_thread_blocked, id=15040, stack(0x0000000002460000,0x0000000002560000)]

Other Threads:
  0x0000000017708000 VMThread [stack: 0x0000000019400000,0x0000000019500000] [id=15044]
  0x00000000195c9000 WatcherThread [stack: 0x000000001a300000,0x000000001a400000] [id=11768]

VM state:not at safepoint (normal execution)

VM Mutex/Monitor currently owned by a thread: None

heap address: 0x0000000080000000, size: 2048 MB, Compressed Oops mode: 32-bit
Narrow klass base: 0x0000000000000000, Narrow klass shift: 3
Compressed class space size: 1073741824 Address: 0x0000000100000000

Heap:
 PSYoungGen      total 245760K, used 184754K [0x00000000d5580000, 0x00000000e9980000, 0x0000000100000000)
  eden space 223744K, 82% used [0x00000000d5580000,0x00000000e09ec9e0,0x00000000e3000000)
  from space 22016K, 0% used [0x00000000e3000000,0x00000000e3000000,0x00000000e4580000)
  to   space 22016K, 0% used [0x00000000e8400000,0x00000000e8400000,0x00000000e9980000)
 ParOldGen       total 51712K, used 32682K [0x0000000080000000, 0x0000000083280000, 0x00000000d5580000)
  object space 51712K, 63% used [0x0000000080000000,0x0000000081feaa68,0x0000000083280000)
 Metaspace       used 64823K, capacity 68334K, committed 68504K, reserved 1107968K
  class space    used 8997K, capacity 9632K, committed 9648K, reserved 1048576K

Card table byte_map: [0x0000000011a30000,0x0000000011e40000] byte_map_base: 0x0000000011630000

Marking Bits: (ParMarkBitMap*) 0x0000000073c6f030
 Begin Bits: [0x00000000128f0000, 0x00000000148f0000)
 End Bits:   [0x00000000148f0000, 0x00000000168f0000)

Polling page: 0x00000000008e0000

CodeCache: size=245760Kb used=21186Kb max_used=21198Kb free=224574Kb
 bounds [0x0000000002670000, 0x0000000003b40000, 0x0000000011670000]
 total_blobs=7232 nmethods=6446 adapters=698
 compilation: enabled

Compilation events (10 events):
Event: 22.806 Thread 0x0000000019535800 7421       4       com.google.common.collect.Interners$InternerImpl::intern (50 bytes)
Event: 22.810 Thread 0x0000000019536800 7422   !   4       java.util.concurrent.locks.AbstractQueuedSynchronizer::acquireQueued (93 bytes)
Event: 22.816 Thread 0x0000000019536800 nmethod 7422 0x0000000003b22690 code [0x0000000003b22820, 0x0000000003b22ce8]
Event: 22.816 Thread 0x0000000019536800 7423       4       com.google.common.cache.LocalCache$Segment::recordWrite (72 bytes)
Event: 22.818 Thread 0x0000000019535800 nmethod 7421 0x0000000003b2ee90 code [0x0000000003b2f060, 0x0000000003b2f7c8]
Event: 22.820 Thread 0x0000000019535800 7424       4       com.google.common.cache.LocalCache$Strength$1::referenceValue (28 bytes)
Event: 22.822 Thread 0x0000000019535800 nmethod 7424 0x0000000003b2b690 code [0x0000000003b2b7e0, 0x0000000003b2b8d8]
Event: 22.827 Thread 0x0000000019536800 nmethod 7423 0x0000000003b30390 code [0x0000000003b30560, 0x0000000003b30d78]
Event: 22.988 Thread 0x000000001953d800 7425       3       sun.management.MemoryPoolImpl::getType (15 bytes)
Event: 22.989 Thread 0x000000001953d800 nmethod 7425 0x0000000003b20690 code [0x0000000003b207e0, 0x0000000003b20990]

GC Heap History (10 events):
Event: 3.795 GC heap before
{Heap before GC invocations=12 (full 2):
 PSYoungGen      total 188928K, used 8438K [0x00000000d5580000, 0x00000000e1e00000, 0x0000000100000000)
  eden space 176640K, 0% used [0x00000000d5580000,0x00000000d5580000,0x00000000e0200000)
  from space 12288K, 68% used [0x00000000e0e80000,0x00000000e16bd898,0x00000000e1a80000)
  to   space 12800K, 0% used [0x00000000e0200000,0x00000000e0200000,0x00000000e0e80000)
 ParOldGen       total 32768K, used 12108K [0x0000000080000000, 0x0000000082000000, 0x00000000d5580000)
  object space 32768K, 36% used [0x0000000080000000,0x0000000080bd3018,0x0000000082000000)
 Metaspace       used 34348K, capacity 35420K, committed 35496K, reserved 1079296K
  class space    used 4733K, capacity 5003K, committed 5040K, reserved 1048576K
Event: 3.837 GC heap after
Heap after GC invocations=12 (full 2):
 PSYoungGen      total 188928K, used 0K [0x00000000d5580000, 0x00000000e1e00000, 0x0000000100000000)
  eden space 176640K, 0% used [0x00000000d5580000,0x00000000d5580000,0x00000000e0200000)
  from space 12288K, 0% used [0x00000000e0e80000,0x00000000e0e80000,0x00000000e1a80000)
  to   space 12800K, 0% used [0x00000000e0200000,0x00000000e0200000,0x00000000e0e80000)
 ParOldGen       total 51712K, used 14833K [0x0000000080000000, 0x0000000083280000, 0x00000000d5580000)
  object space 51712K, 28% used [0x0000000080000000,0x0000000080e7c420,0x0000000083280000)
 Metaspace       used 34348K, capacity 35420K, committed 35496K, reserved 1079296K
  class space    used 4733K, capacity 5003K, committed 5040K, reserved 1048576K
}
Event: 5.201 GC heap before
{Heap before GC invocations=13 (full 2):
 PSYoungGen      total 188928K, used 176640K [0x00000000d5580000, 0x00000000e1e00000, 0x0000000100000000)
  eden space 176640K, 100% used [0x00000000d5580000,0x00000000e0200000,0x00000000e0200000)
  from space 12288K, 0% used [0x00000000e0e80000,0x00000000e0e80000,0x00000000e1a80000)
  to   space 12800K, 0% used [0x00000000e0200000,0x00000000e0200000,0x00000000e0e80000)
 ParOldGen       total 51712K, used 14833K [0x0000000080000000, 0x0000000083280000, 0x00000000d5580000)
  object space 51712K, 28% used [0x0000000080000000,0x0000000080e7c420,0x0000000083280000)
 Metaspace       used 44139K, capacity 45952K, committed 46120K, reserved 1089536K
  class space    used 5985K, capacity 6364K, committed 6448K, reserved 1048576K
Event: 5.216 GC heap after
Heap after GC invocations=13 (full 2):
 PSYoungGen      total 189440K, used 12769K [0x00000000d5580000, 0x00000000e5480000, 0x0000000100000000)
  eden space 176640K, 0% used [0x00000000d5580000,0x00000000d5580000,0x00000000e0200000)
  from space 12800K, 99% used [0x00000000e0200000,0x00000000e0e78468,0x00000000e0e80000)
  to   space 15360K, 0% used [0x00000000e4580000,0x00000000e4580000,0x00000000e5480000)
 ParOldGen       total 51712K, used 16274K [0x0000000080000000, 0x0000000083280000, 0x00000000d5580000)
  object space 51712K, 31% used [0x0000000080000000,0x0000000080fe4990,0x0000000083280000)
 Metaspace       used 44139K, capacity 45952K, committed 46120K, reserved 1089536K
  class space    used 5985K, capacity 6364K, committed 6448K, reserved 1048576K
}
Event: 7.112 GC heap before
{Heap before GC invocations=14 (full 2):
 PSYoungGen      total 189440K, used 189409K [0x00000000d5580000, 0x00000000e5480000, 0x0000000100000000)
  eden space 176640K, 100% used [0x00000000d5580000,0x00000000e0200000,0x00000000e0200000)
  from space 12800K, 99% used [0x00000000e0200000,0x00000000e0e78468,0x00000000e0e80000)
  to   space 15360K, 0% used [0x00000000e4580000,0x00000000e4580000,0x00000000e5480000)
 ParOldGen       total 51712K, used 16274K [0x0000000080000000, 0x0000000083280000, 0x00000000d5580000)
  object space 51712K, 31% used [0x0000000080000000,0x0000000080fe4990,0x0000000083280000)
 Metaspace       used 55836K, capacity 58210K, committed 58408K, reserved 1099776K
  class space    used 7622K, capacity 8120K, committed 8240K, reserved 1048576K
Event: 7.148 GC heap after
Heap after GC invocations=14 (full 2):
 PSYoungGen      total 239104K, used 15353K [0x00000000d5580000, 0x00000000e6000000, 0x0000000100000000)
  eden space 223744K, 0% used [0x00000000d5580000,0x00000000d5580000,0x00000000e3000000)
  from space 15360K, 99% used [0x00000000e4580000,0x00000000e547e638,0x00000000e5480000)
  to   space 22016K, 0% used [0x00000000e3000000,0x00000000e3000000,0x00000000e4580000)
 ParOldGen       total 51712K, used 27985K [0x0000000080000000, 0x0000000083280000, 0x00000000d5580000)
  object space 51712K, 54% used [0x0000000080000000,0x0000000081b546a8,0x0000000083280000)
 Metaspace       used 55836K, capacity 58210K, committed 58408K, reserved 1099776K
  class space    used 7622K, capacity 8120K, committed 8240K, reserved 1048576K
}
Event: 7.822 GC heap before
{Heap before GC invocations=15 (full 2):
 PSYoungGen      total 239104K, used 30396K [0x00000000d5580000, 0x00000000e6000000, 0x0000000100000000)
  eden space 223744K, 6% used [0x00000000d5580000,0x00000000d6430b60,0x00000000e3000000)
  from space 15360K, 99% used [0x00000000e4580000,0x00000000e547e638,0x00000000e5480000)
  to   space 22016K, 0% used [0x00000000e3000000,0x00000000e3000000,0x00000000e4580000)
 ParOldGen       total 51712K, used 27985K [0x0000000080000000, 0x0000000083280000, 0x00000000d5580000)
  object space 51712K, 54% used [0x0000000080000000,0x0000000081b546a8,0x0000000083280000)
 Metaspace       used 56532K, capacity 58918K, committed 59160K, reserved 1099776K
  class space    used 7740K, capacity 8214K, committed 8240K, reserved 1048576K
Event: 7.833 GC heap after
Heap after GC invocations=15 (full 2):
 PSYoungGen      total 245760K, used 1408K [0x00000000d5580000, 0x00000000e9980000, 0x0000000100000000)
  eden space 223744K, 0% used [0x00000000d5580000,0x00000000d5580000,0x00000000e3000000)
  from space 22016K, 6% used [0x00000000e3000000,0x00000000e3160000,0x00000000e4580000)
  to   space 22016K, 0% used [0x00000000e8400000,0x00000000e8400000,0x00000000e9980000)
 ParOldGen       total 51712K, used 40753K [0x0000000080000000, 0x0000000083280000, 0x00000000d5580000)
  object space 51712K, 78% used [0x0000000080000000,0x00000000827cc7e8,0x0000000083280000)
 Metaspace       used 56532K, capacity 58918K, committed 59160K, reserved 1099776K
  class space    used 7740K, capacity 8214K, committed 8240K, reserved 1048576K
}
Event: 7.833 GC heap before
{Heap before GC invocations=16 (full 3):
 PSYoungGen      total 245760K, used 1408K [0x00000000d5580000, 0x00000000e9980000, 0x0000000100000000)
  eden space 223744K, 0% used [0x00000000d5580000,0x00000000d5580000,0x00000000e3000000)
  from space 22016K, 6% used [0x00000000e3000000,0x00000000e3160000,0x00000000e4580000)
  to   space 22016K, 0% used [0x00000000e8400000,0x00000000e8400000,0x00000000e9980000)
 ParOldGen       total 51712K, used 40753K [0x0000000080000000, 0x0000000083280000, 0x00000000d5580000)
  object space 51712K, 78% used [0x0000000080000000,0x00000000827cc7e8,0x0000000083280000)
 Metaspace       used 56532K, capacity 58918K, committed 59160K, reserved 1099776K
  class space    used 7740K, capacity 8214K, committed 8240K, reserved 1048576K
Event: 8.088 GC heap after
Heap after GC invocations=16 (full 3):
 PSYoungGen      total 245760K, used 0K [0x00000000d5580000, 0x00000000e9980000, 0x0000000100000000)
  eden space 223744K, 0% used [0x00000000d5580000,0x00000000d5580000,0x00000000e3000000)
  from space 22016K, 0% used [0x00000000e3000000,0x00000000e3000000,0x00000000e4580000)
  to   space 22016K, 0% used [0x00000000e8400000,0x00000000e8400000,0x00000000e9980000)
 ParOldGen       total 51712K, used 32682K [0x0000000080000000, 0x0000000083280000, 0x00000000d5580000)
  object space 51712K, 63% used [0x0000000080000000,0x0000000081feaa68,0x0000000083280000)
 Metaspace       used 56486K, capacity 58762K, committed 59160K, reserved 1099776K
  class space    used 7725K, capacity 8188K, committed 8240K, reserved 1048576K
}

Deoptimization events (10 events):
Event: 21.004 Thread 0x000000001c3dd800 Uncommon trap: reason=unstable_if action=reinterpret pc=0x00000000027db8d8 method=java.util.concurrent.ConcurrentLinkedQueue.updateHead(Ljava/util/concurrent/ConcurrentLinkedQueue$Node;Ljava/util/concurrent/ConcurrentLinkedQueue$Node;)V @ 11
Event: 21.004 Thread 0x000000001c3e5000 Uncommon trap: reason=bimorphic action=maybe_recompile pc=0x0000000002b33300 method=java.util.HashMap.removeNode(ILjava/lang/Object;Ljava/lang/Object;ZZ)Ljava/util/HashMap$Node; @ 283
Event: 21.006 Thread 0x000000001c3e3000 Uncommon trap: reason=bimorphic action=maybe_recompile pc=0x0000000002b33300 method=java.util.HashMap.removeNode(ILjava/lang/Object;Ljava/lang/Object;ZZ)Ljava/util/HashMap$Node; @ 283
Event: 21.006 Thread 0x000000001c3e5000 Uncommon trap: reason=bimorphic action=maybe_recompile pc=0x0000000002b33300 method=java.util.HashMap.removeNode(ILjava/lang/Object;Ljava/lang/Object;ZZ)Ljava/util/HashMap$Node; @ 283
Event: 21.034 Thread 0x000000001c3e6000 Uncommon trap: reason=class_check action=maybe_recompile pc=0x0000000003773008 method=java.util.regex.Matcher.search(I)Z @ 86
Event: 21.110 Thread 0x000000001c3e6000 Uncommon trap: reason=unstable_if action=reinterpret pc=0x000000000296b6d0 method=org.objectweb.asm.ClassReader.readUtf(II[C)Ljava/lang/String; @ 41
Event: 21.110 Thread 0x000000001c3e6000 Uncommon trap: reason=unstable_if action=reinterpret pc=0x0000000003374490 method=org.objectweb.asm.ByteVector.putUTF8(Ljava/lang/String;)Lorg/objectweb/asm/ByteVector; @ 93
Event: 21.110 Thread 0x000000001c3e6000 Uncommon trap: reason=unstable_if action=reinterpret pc=0x000000000280eca8 method=org.objectweb.asm.ClassReader.readUtf(II[C)Ljava/lang/String; @ 41
Event: 21.110 Thread 0x000000001c3e6000 Uncommon trap: reason=unstable_if action=reinterpret pc=0x000000000280f9cc method=org.objectweb.asm.ByteVector.putUTF8(Ljava/lang/String;)Lorg/objectweb/asm/ByteVector; @ 93
Event: 21.112 Thread 0x000000001c3e6000 Uncommon trap: reason=unstable_if action=reinterpret pc=0x0000000002ddff60 method=org.objectweb.asm.ClassReader.readUtf(II[C)Ljava/lang/String; @ 41

Classes redefined (0 events):
No events

Internal exceptions (10 events):
Event: 13.888 Thread 0x000000001c3e6000 Exception <a 'java/lang/NoSuchMethodError': java.lang.Object.lambda$flatMap$4(Ljava/util/function/Function;)Lorg/gradle/api/internal/artifacts/transform/CacheableInvocation;> (0x00000000dbd774b0) thrown at [C:\src\AOSP-openjdk-git\hotspot\src\share\vm\int
Event: 13.888 Thread 0x000000001c3e3000 Exception <a 'java/lang/NoSuchMethodError': java.lang.Object.lambda$flatMap$3(Ljava/util/function/Function;)Lorg/gradle/internal/Try;> (0x00000000dbc367b8) thrown at [C:\src\AOSP-openjdk-git\hotspot\src\share\vm\interpreter\linkResolver.cpp, line 620]
Event: 13.888 Thread 0x000000001c3e6000 Exception <a 'java/lang/NoSuchMethodError': java.lang.Object.lambda$flatMap$3(Ljava/util/function/Function;)Lorg/gradle/internal/Try;> (0x00000000dbd7b060) thrown at [C:\src\AOSP-openjdk-git\hotspot\src\share\vm\interpreter\linkResolver.cpp, line 620]
Event: 14.405 Thread 0x000000001c3e3000 Exception <a 'java/lang/NoSuchMethodError': java.lang.Object.lambda$flatMap$2(Ljava/util/function/Function;Ljava/lang/Object;)Lorg/gradle/internal/Try;> (0x00000000dc12ec28) thrown at [C:\src\AOSP-openjdk-git\hotspot\src\share\vm\interpreter\linkResolver.
Event: 14.405 Thread 0x000000001c3e1800 Exception <a 'java/lang/NoSuchMethodError': java.lang.Object.lambda$flatMap$2(Ljava/util/function/Function;Ljava/lang/Object;)Lorg/gradle/internal/Try;> (0x00000000dc264508) thrown at [C:\src\AOSP-openjdk-git\hotspot\src\share\vm\interpreter\linkResolver.
Event: 15.259 Thread 0x000000002035c800 Exception <a 'sun/nio/fs/WindowsException'> (0x00000000dd4bf9e8) thrown at [C:\src\AOSP-openjdk-git\hotspot\src\share\vm\prims\jni.cpp, line 710]
Event: 20.420 Thread 0x000000001c3e1800 Implicit null exception at 0x0000000003a23f1e to 0x0000000003a241d9
Event: 20.424 Thread 0x000000001c3e1800 Exception <a 'sun/nio/fs/WindowsException'> (0x00000000de8fda20) thrown at [C:\src\AOSP-openjdk-git\hotspot\src\share\vm\prims\jni.cpp, line 710]
Event: 20.909 Thread 0x000000001c3dd800 Exception <a 'sun/nio/fs/WindowsException'> (0x00000000dedca938) thrown at [C:\src\AOSP-openjdk-git\hotspot\src\share\vm\prims\jni.cpp, line 710]
Event: 21.112 Thread 0x000000001c3e6000 Exception <a 'sun/nio/fs/WindowsException'> (0x00000000df30d8c8) thrown at [C:\src\AOSP-openjdk-git\hotspot\src\share\vm\prims\jni.cpp, line 710]

Events (10 events):
Event: 21.110 Thread 0x000000001c3e6000 Uncommon trap: trap_request=0xffffff65 fr.pc=0x000000000280f9cc
Event: 21.110 Thread 0x000000001c3e6000 DEOPT PACKING pc=0x000000000280f9cc sp=0x000000002461af20
Event: 21.110 Thread 0x000000001c3e6000 DEOPT UNPACKING pc=0x00000000026b557b sp=0x000000002461aeb8 mode 2
Event: 21.112 Thread 0x000000001c3e6000 Uncommon trap: trap_request=0xffffff65 fr.pc=0x0000000002ddff60
Event: 21.112 Thread 0x000000001c3e6000 DEOPT PACKING pc=0x0000000002ddff60 sp=0x000000002461afc0
Event: 21.112 Thread 0x000000001c3e6000 DEOPT UNPACKING pc=0x00000000026b557b sp=0x000000002461af80 mode 2
Event: 21.239 Executing VM operation: RevokeBias
Event: 21.240 Executing VM operation: RevokeBias done
Event: 21.860 Thread 0x000000001c3e3000 DEOPT PACKING pc=0x0000000002c061d1 sp=0x000000002431afb0
Event: 21.860 Thread 0x000000001c3e3000 DEOPT UNPACKING pc=0x00000000026b75d0 sp=0x000000002431acf8 mode 0


Dynamic libraries:
0x00007ff7f30b0000 - 0x00007ff7f30e1000 	C:\Program Files\Android\Android Studio\jre\bin\java.exe
0x00007ffdf8ba0000 - 0x00007ffdf8d90000 	C:\WINDOWS\SYSTEM32\ntdll.dll
0x00007ffdf6da0000 - 0x00007ffdf6e52000 	C:\WINDOWS\System32\KERNEL32.DLL
0x00007ffdf5b30000 - 0x00007ffdf5dd4000 	C:\WINDOWS\System32\KERNELBASE.dll
0x00007ffdf8a50000 - 0x00007ffdf8af3000 	C:\WINDOWS\System32\ADVAPI32.dll
0x00007ffdf6c50000 - 0x00007ffdf6cee000 	C:\WINDOWS\System32\msvcrt.dll
0x00007ffdf89b0000 - 0x00007ffdf8a47000 	C:\WINDOWS\System32\sechost.dll
0x00007ffdf8390000 - 0x00007ffdf84b0000 	C:\WINDOWS\System32\RPCRT4.dll
0x00007ffdf7280000 - 0x00007ffdf7414000 	C:\WINDOWS\System32\USER32.dll
0x00007ffdf6c20000 - 0x00007ffdf6c41000 	C:\WINDOWS\System32\win32u.dll
0x00007ffdf8b00000 - 0x00007ffdf8b26000 	C:\WINDOWS\System32\GDI32.dll
0x00007ffdf6900000 - 0x00007ffdf6a95000 	C:\WINDOWS\System32\gdi32full.dll
0x00007ffdf6b00000 - 0x00007ffdf6b9e000 	C:\WINDOWS\System32\msvcp_win.dll
0x00007ffdf5de0000 - 0x00007ffdf5eda000 	C:\WINDOWS\System32\ucrtbase.dll
0x00007ffde4d50000 - 0x00007ffde4fd4000 	C:\WINDOWS\WinSxS\amd64_microsoft.windows.common-controls_6595b64144ccf1df_6.0.18362.900_none_e6beb9d913147d17\COMCTL32.dll
0x00007ffdf6ee0000 - 0x00007ffdf7215000 	C:\WINDOWS\System32\combase.dll
0x00007ffdf6ba0000 - 0x00007ffdf6c20000 	C:\WINDOWS\System32\bcryptPrimitives.dll
0x00007ffdf8510000 - 0x00007ffdf853e000 	C:\WINDOWS\System32\IMM32.DLL
0x00000000732e0000 - 0x00000000733b2000 	C:\Program Files\Android\Android Studio\jre\jre\bin\msvcr100.dll
0x00000000734a0000 - 0x0000000073ceb000 	C:\Program Files\Android\Android Studio\jre\jre\bin\server\jvm.dll
0x00007ffdf7e10000 - 0x00007ffdf7e18000 	C:\WINDOWS\System32\PSAPI.DLL
0x00007ffdf2910000 - 0x00007ffdf2934000 	C:\WINDOWS\SYSTEM32\WINMM.dll
0x00007ffdee310000 - 0x00007ffdee31a000 	C:\WINDOWS\SYSTEM32\VERSION.dll
0x00007ffdf1760000 - 0x00007ffdf1769000 	C:\WINDOWS\SYSTEM32\WSOCK32.dll
0x00007ffdf80a0000 - 0x00007ffdf810f000 	C:\WINDOWS\System32\WS2_32.dll
0x00007ffdf1af0000 - 0x00007ffdf1b1d000 	C:\WINDOWS\SYSTEM32\WINMMBASE.dll
0x00007ffdf5ee0000 - 0x00007ffdf5f2a000 	C:\WINDOWS\System32\cfgmgr32.dll
0x00007ffdf1750000 - 0x00007ffdf175f000 	C:\Program Files\Android\Android Studio\jre\jre\bin\verify.dll
0x00007ffdf16f0000 - 0x00007ffdf1719000 	C:\Program Files\Android\Android Studio\jre\jre\bin\java.dll
0x00007ffde95d0000 - 0x00007ffde95e6000 	C:\Program Files\Android\Android Studio\jre\jre\bin\zip.dll
0x00007ffdf7720000 - 0x00007ffdf7e06000 	C:\WINDOWS\System32\SHELL32.dll
0x00007ffdf82e0000 - 0x00007ffdf8389000 	C:\WINDOWS\System32\shcore.dll
0x00007ffdf5f80000 - 0x00007ffdf6700000 	C:\WINDOWS\System32\windows.storage.dll
0x00007ffdf5b00000 - 0x00007ffdf5b23000 	C:\WINDOWS\System32\profapi.dll
0x00007ffdf5a70000 - 0x00007ffdf5aba000 	C:\WINDOWS\System32\powrprof.dll
0x00007ffdf5a60000 - 0x00007ffdf5a70000 	C:\WINDOWS\System32\UMPDC.dll
0x00007ffdf7420000 - 0x00007ffdf7472000 	C:\WINDOWS\System32\shlwapi.dll
0x00007ffdf5ae0000 - 0x00007ffdf5af1000 	C:\WINDOWS\System32\kernel.appcore.dll
0x00007ffdf5f60000 - 0x00007ffdf5f77000 	C:\WINDOWS\System32\cryptsp.dll
0x00007ffde8ee0000 - 0x00007ffde8efa000 	C:\Program Files\Android\Android Studio\jre\jre\bin\net.dll
0x00007ffdf4c10000 - 0x00007ffdf4c77000 	C:\WINDOWS\system32\mswsock.dll
0x00007ffde8d20000 - 0x00007ffde8d33000 	C:\Program Files\Android\Android Studio\jre\jre\bin\nio.dll
0x00007ffde87d0000 - 0x00007ffde87f7000 	C:\Users\Saurabh Tripathi\.gradle\native\f6784746aeab05261644944871eae4fe03e0ef1612fff0a4a95f87b438bc6780\windows-amd64\native-platform.dll
0x00007ffdf15a0000 - 0x00007ffdf15ad000 	C:\Program Files\Android\Android Studio\jre\jre\bin\management.dll
0x00007ffdf4760000 - 0x00007ffdf4793000 	C:\WINDOWS\system32\rsaenh.dll
0x00007ffdf5f30000 - 0x00007ffdf5f56000 	C:\WINDOWS\System32\bcrypt.dll
0x00007ffdf5980000 - 0x00007ffdf59a5000 	C:\WINDOWS\SYSTEM32\USERENV.dll
0x00007ffdf4de0000 - 0x00007ffdf4dec000 	C:\WINDOWS\SYSTEM32\CRYPTBASE.dll
0x00007ffdf4920000 - 0x00007ffdf495a000 	C:\WINDOWS\SYSTEM32\IPHLPAPI.DLL
0x00007ffdf8b50000 - 0x00007ffdf8b58000 	C:\WINDOWS\System32\NSI.dll
0x00007ffdea1b0000 - 0x00007ffdea1c6000 	C:\WINDOWS\SYSTEM32\dhcpcsvc6.DLL
0x00007ffdee280000 - 0x00007ffdee29c000 	C:\WINDOWS\SYSTEM32\dhcpcsvc.DLL
0x00007ffdf4960000 - 0x00007ffdf4a2b000 	C:\WINDOWS\SYSTEM32\DNSAPI.dll
0x00007ffdee320000 - 0x00007ffdee32b000 	C:\WINDOWS\SYSTEM32\WINNSI.DLL
0x00007ffdf5330000 - 0x00007ffdf5361000 	C:\WINDOWS\SYSTEM32\ntmarta.dll

VM Arguments:
jvm_args: -Xmx2048m -Dfile.encoding=UTF-8 -Duser.country=US -Duser.language=en -Duser.variant 
java_command: org.gradle.launcher.daemon.bootstrap.GradleDaemon 6.5
java_class_path (initial): C:\Users\Saurabh Tripathi\.gradle\wrapper\dists\gradle-6.5-all\2oz4ud9k3tuxjg84bbf55q0tn\gradle-6.5\lib\gradle-launcher-6.5.jar
Launcher Type: SUN_STANDARD

Environment Variables:
PATH=C:\Program Files (x86)\Intel\Intel(R) Management Engine Components\iCLS\;C:\Program Files\Intel\Intel(R) Management Engine Components\iCLS\;C:\WINDOWS\system32;C:\WINDOWS;C:\WINDOWS\System32\Wbem;C:\WINDOWS\System32\WindowsPowerShell\v1.0\;C:\WINDOWS\System32\OpenSSH\;C:\Program Files (x86)\Intel\Intel(R) Management Engine Components\DAL;C:\Program Files\Intel\Intel(R) Management Engine Components\DAL;C:\Program Files (x86)\Intel\Intel(R) Management Engine Components\IPT;C:\Program Files\Intel\Intel(R) Management Engine Components\IPT;C:\Program Files\Java\jdk-11.0.1\bin;C:\Program Files\Git\cmd;C:\ProgramData\chocolatey\bin;C:\Program Files\nodejs\;C:\Users\Saurabh Tripathi\AppData\Local\Microsoft\WindowsApps;C:\Users\Saurabh Tripathi\AppData\Local\Programs\Python\Python36-32\Scripts;C:\Users\Saurabh Tripathi\AppData\Local\Programs\Python\Python36-32;;C:\Program Files\heroku\bin;C:\Users\Saurabh Tripathi\AppData\Local\Programs\Microsoft VS Code\bin;C:\Users\Saurabh Tripathi\AppData\Roaming\npm
USERNAME=Saurabh Tripathi
OS=Windows_NT
PROCESSOR_IDENTIFIER=Intel64 Family 6 Model 142 Stepping 10, GenuineIntel



---------------  S Y S T E M  ---------------

OS: Windows 10.0 , 64 bit Build 18362 (10.0.18362.900)

CPU:total 8 (initial active 8) (4 cores per cpu, 2 threads per core) family 6 model 142 stepping 10, cmov, cx8, fxsr, mmx, sse, sse2, sse3, ssse3, sse4.1, sse4.2, popcnt, avx, avx2, aes, clmul, erms, 3dnowpref, lzcnt, ht, tsc, tscinvbit, bmi1, bmi2, adx

Memory: 4k page, physical 4073468k(340224k free), swap 6905852k(2568k free)

vm_info: OpenJDK 64-Bit Server VM (25.242-b01) for windows-amd64 JRE (1.8.0_242-release-1644-b01), built by "builder" with MS VC++ 10.0 (VS2010)

time: Tue Apr 27 12:49:25 2021
timezone: India Standard Time
elapsed time: 23 seconds (0d 0h 0m 23s)

