#
# There is insufficient memory for the Java Runtime Environment to continue.
# Native memory allocation (malloc) failed to allocate 895008 bytes for Chunk::new
# Possible reasons:
#   The system is out of physical RAM or swap space
#   The process is running with CompressedOops enabled, and the Java Heap may be blocking the growth of the native heap
# Possible solutions:
#   Reduce memory load on the system
#   Increase physical memory or swap space
#   Check if swap backing store is full
#   Decrease Java heap size (-Xmx/-Xms)
#   Decrease number of Java threads
#   Decrease Java thread stack sizes (-Xss)
#   Set larger code cache with -XX:ReservedCodeCacheSize=
#   JVM is running with Unscaled Compressed Oops mode in which the Java heap is
#     placed in the first 4GB address space. The Java Heap base address is the
#     maximum limit for the native heap growth. Please use -XX:HeapBaseMinAddress
#     to set the Java Heap base and to place the Java Heap above 4GB virtual address.
# This output file may be truncated or incomplete.
#
#  Out of Memory Error (allocation.cpp:389), pid=2612, tid=0x000000000000086c
#
# JRE version: OpenJDK Runtime Environment (8.0_242-b01) (build 1.8.0_242-release-1644-b01)
# Java VM: OpenJDK 64-Bit Server VM (25.242-b01 mixed mode windows-amd64 compressed oops)
# Failed to write core dump. Minidumps are not enabled by default on client versions of Windows
#

---------------  T H R E A D  ---------------

Current thread (0x000000001823d000):  JavaThread "C2 CompilerThread1" daemon [_thread_in_native, id=2156, stack(0x000000001aa10000,0x000000001ab10000)]

Stack: [0x000000001aa10000,0x000000001ab10000]
[error occurred during error reporting (printing stack bounds), id 0xc0000005]

Native frames: (J=compiled Java code, j=interpreted, Vv=VM code, C=native code)


Current CompileTask:
C2:  24700 7303 %     4       org.objectweb.asm.ClassReader::readCode @ 1611 (5089 bytes)


---------------  P R O C E S S  ---------------

Java Threads: ( => current thread )
  0x000000001fb67000 JavaThread "WorkerExecutor Queue" [_thread_blocked, id=4984, stack(0x000000002d680000,0x000000002d780000)]
  0x000000001fb64000 JavaThread "Cache worker for execution history cache (C:\Users\Saurabh Tripathi\AndroidStudioProjects\Oxi\.gradle\6.5\executionHistory)" [_thread_blocked, id=12420, stack(0x000000002d380000,0x000000002d480000)]
  0x000000001fb68800 JavaThread "Execution worker for ':' Thread 7" [_thread_blocked, id=6648, stack(0x000000002d280000,0x000000002d380000)]
  0x000000001cea8000 JavaThread "Execution worker for ':' Thread 6" [_thread_blocked, id=10112, stack(0x000000002d180000,0x000000002d280000)]
  0x000000001cea7800 JavaThread "Execution worker for ':' Thread 5" [_thread_blocked, id=6300, stack(0x000000002d080000,0x000000002d180000)]
  0x000000001cead800 JavaThread "Execution worker for ':' Thread 4" [_thread_blocked, id=8500, stack(0x000000002cf80000,0x000000002d080000)]
  0x000000001ceac800 JavaThread "Execution worker for ':' Thread 3" [_thread_blocked, id=9860, stack(0x000000002ce80000,0x000000002cf80000)]
  0x000000001c34b000 JavaThread "Execution worker for ':' Thread 2" [_thread_blocked, id=14772, stack(0x000000002c920000,0x000000002ca20000)]
  0x000000001c351000 JavaThread "Execution worker for ':'" [_thread_blocked, id=13088, stack(0x000000002c6d0000,0x000000002c7d0000)]
  0x000000001c350800 JavaThread "Cache worker for file content cache (C:\Users\Saurabh Tripathi\AndroidStudioProjects\Oxi\.gradle\6.5\fileContent)" [_thread_blocked, id=14576, stack(0x000000002c820000,0x000000002c920000)]
  0x000000001c34f800 JavaThread "Memory manager" [_thread_blocked, id=10388, stack(0x000000002c5d0000,0x000000002c6d0000)]
  0x000000001c34f000 JavaThread "Cache worker for Build Output Cleanup Cache (C:\Users\Saurabh Tripathi\AndroidStudioProjects\Oxi\.gradle\buildOutputCleanup)" [_thread_blocked, id=10512, stack(0x000000002c4d0000,0x000000002c5d0000)]
  0x000000001c347800 JavaThread "Build operations Thread 8" [_thread_in_native, id=14344, stack(0x000000002c3d0000,0x000000002c4d0000)]
  0x000000001c349000 JavaThread "Build operations Thread 7" [_thread_blocked, id=10252, stack(0x000000002c2d0000,0x000000002c3d0000)]
  0x000000001faae800 JavaThread "Build operations Thread 6" [_thread_blocked, id=12164, stack(0x000000002c1d0000,0x000000002c2d0000)]
  0x000000001faae000 JavaThread "Build operations Thread 5" [_thread_blocked, id=15096, stack(0x000000002b0d0000,0x000000002b1d0000)]
  0x000000001faad000 JavaThread "Build operations Thread 4" [_thread_blocked, id=11960, stack(0x00000000250d0000,0x00000000251d0000)]
  0x000000001faac800 JavaThread "Build operations Thread 3" [_thread_blocked, id=11484, stack(0x0000000024fd0000,0x00000000250d0000)]
  0x000000001faab800 JavaThread "Build operations Thread 2" [_thread_in_native, id=11448, stack(0x0000000024ed0000,0x0000000024fd0000)]
  0x000000001faa4000 JavaThread "Build operations" [_thread_in_native, id=4128, stack(0x0000000024dd0000,0x0000000024ed0000)]
  0x000000001faa9800 JavaThread "Cache worker for cache directory md-rule (C:\Users\Saurabh Tripathi\.gradle\caches\6.5\md-rule)" [_thread_blocked, id=14908, stack(0x0000000024cd0000,0x0000000024dd0000)]
  0x000000001faab000 JavaThread "Cache worker for cache directory md-supplier (C:\Users\Saurabh Tripathi\.gradle\caches\6.5\md-supplier)" [_thread_blocked, id=14004, stack(0x0000000024bd0000,0x0000000024cd0000)]
  0x000000001faa8800 JavaThread "Cache worker for checksums cache (C:\Users\Saurabh Tripathi\AndroidStudioProjects\Oxi\.gradle\checksums)" [_thread_blocked, id=11712, stack(0x0000000024ad0000,0x0000000024bd0000)]
  0x000000001faaa000 JavaThread "Cache worker for file hash cache (C:\Users\Saurabh Tripathi\AndroidStudioProjects\Oxi\.gradle\6.5\fileHashes)" [_thread_blocked, id=9668, stack(0x00000000249d0000,0x0000000024ad0000)]
  0x000000001faa8000 JavaThread "Thread-133" [_thread_blocked, id=4344, stack(0x0000000022c00000,0x0000000022d00000)]
  0x000000001faa0000 JavaThread "Stdin handler" [_thread_blocked, id=5380, stack(0x00000000216d0000,0x00000000217d0000)]
  0x000000001faa7000 JavaThread "Asynchronous log dispatcher for DefaultDaemonConnection: socket connection from /127.0.0.1:59299 to /127.0.0.1:59305" [_thread_blocked, id=9060, stack(0x00000000215d0000,0x00000000216d0000)]
  0x000000001faa3800 JavaThread "Cancel handler" [_thread_blocked, id=12028, stack(0x00000000214d0000,0x00000000215d0000)]
  0x000000001faa1800 JavaThread "Handler for socket connection from /127.0.0.1:59299 to /127.0.0.1:59305" [_thread_in_native, id=11964, stack(0x000000001e930000,0x000000001ea30000)]
  0x000000001faa2800 JavaThread "jar transforms Thread 94" [_thread_blocked, id=11880, stack(0x000000002add0000,0x000000002aed0000)]
  0x000000001faa6800 JavaThread "jar transforms Thread 93" [_thread_blocked, id=14488, stack(0x000000002acd0000,0x000000002add0000)]
  0x000000001faa5000 JavaThread "jar transforms Thread 92" [_thread_blocked, id=14516, stack(0x000000002abd0000,0x000000002acd0000)]
  0x000000001f85b800 JavaThread "jar transforms Thread 91" [_thread_blocked, id=10756, stack(0x000000002aad0000,0x000000002abd0000)]
  0x000000001f859800 JavaThread "jar transforms Thread 90" [_thread_blocked, id=6808, stack(0x000000002a9d0000,0x000000002aad0000)]
  0x000000001f858800 JavaThread "jar transforms Thread 89" [_thread_blocked, id=11888, stack(0x000000002a8d0000,0x000000002a9d0000)]
  0x000000001f85b000 JavaThread "jar transforms Thread 88" [_thread_blocked, id=6548, stack(0x000000002a7d0000,0x000000002a8d0000)]
  0x000000001f85d800 JavaThread "jar transforms Thread 87" [_thread_blocked, id=8820, stack(0x000000002a6d0000,0x000000002a7d0000)]
  0x000000001f85f000 JavaThread "jar transforms Thread 86" [_thread_blocked, id=2532, stack(0x000000002a5d0000,0x000000002a6d0000)]
  0x000000001f85c800 JavaThread "jar transforms Thread 85" [_thread_blocked, id=6240, stack(0x000000002a4d0000,0x000000002a5d0000)]
  0x000000001f85e000 JavaThread "jar transforms Thread 84" [_thread_blocked, id=3660, stack(0x000000002a3d0000,0x000000002a4d0000)]
  0x000000001f85a000 JavaThread "jar transforms Thread 83" [_thread_blocked, id=7172, stack(0x000000002a2d0000,0x000000002a3d0000)]
  0x000000001f851000 JavaThread "jar transforms Thread 82" [_thread_blocked, id=15200, stack(0x000000002a1d0000,0x000000002a2d0000)]
  0x000000001f855800 JavaThread "jar transforms Thread 81" [_thread_blocked, id=12400, stack(0x000000002a0d0000,0x000000002a1d0000)]
  0x000000001f852000 JavaThread "jar transforms Thread 80" [_thread_blocked, id=1716, stack(0x0000000029fd0000,0x000000002a0d0000)]
  0x000000001f858000 JavaThread "jar transforms Thread 79" [_thread_blocked, id=6084, stack(0x0000000029ed0000,0x0000000029fd0000)]
  0x000000001f857000 JavaThread "jar transforms Thread 78" [_thread_blocked, id=10508, stack(0x0000000029dd0000,0x0000000029ed0000)]
  0x000000001f856800 JavaThread "jar transforms Thread 77" [_thread_blocked, id=5912, stack(0x0000000029cd0000,0x0000000029dd0000)]
  0x000000001f84f800 JavaThread "jar transforms Thread 76" [_thread_blocked, id=11652, stack(0x0000000029bd0000,0x0000000029cd0000)]
  0x000000001f855000 JavaThread "jar transforms Thread 75" [_thread_blocked, id=5800, stack(0x0000000029ad0000,0x0000000029bd0000)]
  0x000000001f853800 JavaThread "jar transforms Thread 74" [_thread_blocked, id=11120, stack(0x00000000299d0000,0x0000000029ad0000)]
  0x000000001f852800 JavaThread "jar transforms Thread 73" [_thread_blocked, id=15276, stack(0x00000000298d0000,0x00000000299d0000)]
  0x000000001f854000 JavaThread "jar transforms Thread 72" [_thread_blocked, id=4556, stack(0x00000000297d0000,0x00000000298d0000)]
  0x000000001f850800 JavaThread "jar transforms Thread 71" [_thread_blocked, id=14988, stack(0x00000000296d0000,0x00000000297d0000)]
  0x000000001d22d000 JavaThread "jar transforms Thread 70" [_thread_blocked, id=7896, stack(0x00000000295d0000,0x00000000296d0000)]
  0x000000001d229800 JavaThread "jar transforms Thread 69" [_thread_blocked, id=14180, stack(0x00000000294d0000,0x00000000295d0000)]
  0x000000001d22c800 JavaThread "jar transforms Thread 68" [_thread_blocked, id=12248, stack(0x00000000293d0000,0x00000000294d0000)]
  0x000000001d22b800 JavaThread "jar transforms Thread 67" [_thread_blocked, id=4076, stack(0x00000000292d0000,0x00000000293d0000)]
  0x000000001d22b000 JavaThread "jar transforms Thread 66" [_thread_blocked, id=10744, stack(0x00000000291d0000,0x00000000292d0000)]
  0x000000001d22a000 JavaThread "jar transforms Thread 65" [_thread_blocked, id=12524, stack(0x00000000290d0000,0x00000000291d0000)]
  0x000000001d222000 JavaThread "jar transforms Thread 64" [_thread_blocked, id=14676, stack(0x0000000028fd0000,0x00000000290d0000)]
  0x000000001d228800 JavaThread "jar transforms Thread 63" [_thread_blocked, id=4904, stack(0x0000000028ed0000,0x0000000028fd0000)]
  0x000000001d221000 JavaThread "jar transforms Thread 62" [_thread_blocked, id=4856, stack(0x0000000028dd0000,0x0000000028ed0000)]
  0x000000001d228000 JavaThread "jar transforms Thread 61" [_thread_blocked, id=10696, stack(0x0000000028cd0000,0x0000000028dd0000)]
  0x000000001d220800 JavaThread "jar transforms Thread 60" [_thread_blocked, id=4276, stack(0x0000000028bd0000,0x0000000028cd0000)]
  0x000000001d227000 JavaThread "jar transforms Thread 59" [_thread_blocked, id=9084, stack(0x0000000028ad0000,0x0000000028bd0000)]
  0x000000001d226800 JavaThread "jar transforms Thread 58" [_thread_blocked, id=14432, stack(0x00000000289d0000,0x0000000028ad0000)]
  0x000000001d225800 JavaThread "jar transforms Thread 57" [_thread_blocked, id=12996, stack(0x00000000288d0000,0x00000000289d0000)]
  0x000000001d21e000 JavaThread "jar transforms Thread 56" [_thread_blocked, id=736, stack(0x00000000287d0000,0x00000000288d0000)]
  0x000000001d222800 JavaThread "jar transforms Thread 55" [_thread_blocked, id=9428, stack(0x00000000286d0000,0x00000000287d0000)]
  0x000000001d224000 JavaThread "jar transforms Thread 54" [_thread_blocked, id=7496, stack(0x00000000285d0000,0x00000000286d0000)]
  0x000000001d21f800 JavaThread "jar transforms Thread 53" [_thread_blocked, id=8656, stack(0x00000000284d0000,0x00000000285d0000)]
  0x000000001d225000 JavaThread "jar transforms Thread 52" [_thread_blocked, id=14256, stack(0x00000000283d0000,0x00000000284d0000)]
  0x000000001d21f000 JavaThread "jar transforms Thread 51" [_thread_blocked, id=12452, stack(0x00000000282d0000,0x00000000283d0000)]
  0x000000001d223800 JavaThread "jar transforms Thread 50" [_thread_blocked, id=10772, stack(0x00000000281d0000,0x00000000282d0000)]
  0x000000001f762800 JavaThread "jar transforms Thread 49" [_thread_blocked, id=13104, stack(0x00000000280d0000,0x00000000281d0000)]
  0x000000001f762000 JavaThread "jar transforms Thread 48" [_thread_blocked, id=14624, stack(0x0000000027fd0000,0x00000000280d0000)]
  0x000000001f75d800 JavaThread "jar transforms Thread 47" [_thread_blocked, id=7060, stack(0x0000000027ed0000,0x0000000027fd0000)]
  0x000000001f75f000 JavaThread "jar transforms Thread 46" [_thread_blocked, id=4988, stack(0x0000000027dd0000,0x0000000027ed0000)]
  0x000000001f763800 JavaThread "jar transforms Thread 45" [_thread_blocked, id=84, stack(0x0000000027cd0000,0x0000000027dd0000)]
  0x000000001f75e000 JavaThread "jar transforms Thread 44" [_thread_blocked, id=10364, stack(0x0000000027bd0000,0x0000000027cd0000)]
  0x000000001f761000 JavaThread "jar transforms Thread 43" [_thread_blocked, id=14032, stack(0x0000000027ad0000,0x0000000027bd0000)]
  0x000000001f75f800 JavaThread "jar transforms Thread 42" [_thread_blocked, id=11864, stack(0x00000000279d0000,0x0000000027ad0000)]
  0x000000001f760800 JavaThread "jar transforms Thread 41" [_thread_blocked, id=10892, stack(0x00000000278d0000,0x00000000279d0000)]
  0x000000001f756000 JavaThread "jar transforms Thread 40" [_thread_blocked, id=7940, stack(0x00000000277d0000,0x00000000278d0000)]
  0x000000001f75c800 JavaThread "jar transforms Thread 39" [_thread_blocked, id=14232, stack(0x00000000276d0000,0x00000000277d0000)]
  0x000000001f75c000 JavaThread "jar transforms Thread 38" [_thread_blocked, id=12492, stack(0x00000000275d0000,0x00000000276d0000)]
  0x000000001f754800 JavaThread "jar transforms Thread 37" [_thread_blocked, id=6020, stack(0x00000000274d0000,0x00000000275d0000)]
  0x000000001f759800 JavaThread "jar transforms Thread 36" [_thread_blocked, id=14628, stack(0x00000000273d0000,0x00000000274d0000)]
  0x000000001f755000 JavaThread "jar transforms Thread 35" [_thread_blocked, id=11932, stack(0x00000000272d0000,0x00000000273d0000)]
  0x000000001f756800 JavaThread "jar transforms Thread 34" [_thread_blocked, id=1888, stack(0x00000000271d0000,0x00000000272d0000)]
  0x000000001f75b000 JavaThread "jar transforms Thread 33" [_thread_blocked, id=14396, stack(0x00000000270d0000,0x00000000271d0000)]
  0x000000001f759000 JavaThread "jar transforms Thread 32" [_thread_blocked, id=6320, stack(0x0000000026fd0000,0x00000000270d0000)]
  0x000000001f757800 JavaThread "jar transforms Thread 31" [_thread_blocked, id=11488, stack(0x0000000026ed0000,0x0000000026fd0000)]
  0x000000001f75a800 JavaThread "jar transforms Thread 30" [_thread_blocked, id=8944, stack(0x0000000026dd0000,0x0000000026ed0000)]
  0x000000001f758000 JavaThread "jar transforms Thread 29" [_thread_blocked, id=5764, stack(0x0000000026cd0000,0x0000000026dd0000)]
  0x000000001fb3e000 JavaThread "jar transforms Thread 28" [_thread_blocked, id=8964, stack(0x0000000026bd0000,0x0000000026cd0000)]
  0x000000001fb3b800 JavaThread "jar transforms Thread 27" [_thread_blocked, id=14116, stack(0x0000000026ad0000,0x0000000026bd0000)]
  0x000000001fb3b000 JavaThread "jar transforms Thread 26" [_thread_blocked, id=7868, stack(0x00000000269d0000,0x0000000026ad0000)]
  0x000000001fb3c800 JavaThread "jar transforms Thread 25" [_thread_blocked, id=12212, stack(0x00000000268d0000,0x00000000269d0000)]
  0x000000001fb39800 JavaThread "jar transforms Thread 24" [_thread_blocked, id=7448, stack(0x00000000267d0000,0x00000000268d0000)]
  0x000000001fb3a000 JavaThread "jar transforms Thread 23" [_thread_blocked, id=11576, stack(0x00000000266d0000,0x00000000267d0000)]
  0x000000001fb37000 JavaThread "jar transforms Thread 22" [_thread_blocked, id=11708, stack(0x00000000265d0000,0x00000000266d0000)]
  0x000000001fb38800 JavaThread "jar transforms Thread 21" [_thread_blocked, id=4908, stack(0x00000000264d0000,0x00000000265d0000)]
  0x000000001fb38000 JavaThread "jar transforms Thread 20" [_thread_blocked, id=1520, stack(0x00000000263d0000,0x00000000264d0000)]
  0x000000001fb36800 JavaThread "jar transforms Thread 19" [_thread_blocked, id=6928, stack(0x00000000262d0000,0x00000000263d0000)]
  0x000000001fb3d000 JavaThread "jar transforms Thread 18" [_thread_blocked, id=4216, stack(0x00000000261d0000,0x00000000262d0000)]
  0x000000001fb2e800 JavaThread "jar transforms Thread 17" [_thread_blocked, id=11192, stack(0x00000000260d0000,0x00000000261d0000)]
  0x000000001fb32800 JavaThread "jar transforms Thread 16" [_thread_blocked, id=13092, stack(0x0000000025fd0000,0x00000000260d0000)]
  0x000000001fb31000 JavaThread "jar transforms Thread 15" [_thread_blocked, id=12300, stack(0x0000000025ed0000,0x0000000025fd0000)]
  0x000000001fb34800 JavaThread "jar transforms Thread 14" [_thread_blocked, id=12480, stack(0x0000000025dd0000,0x0000000025ed0000)]
  0x000000001fb33000 JavaThread "jar transforms Thread 13" [_thread_blocked, id=11368, stack(0x0000000025cd0000,0x0000000025dd0000)]
  0x000000001fb35800 JavaThread "jar transforms Thread 12" [_thread_blocked, id=880, stack(0x0000000025bd0000,0x0000000025cd0000)]
  0x000000001fb2f800 JavaThread "jar transforms Thread 11" [_thread_blocked, id=452, stack(0x0000000025ad0000,0x0000000025bd0000)]
  0x000000001fb34000 JavaThread "jar transforms Thread 10" [_thread_blocked, id=15140, stack(0x00000000259d0000,0x0000000025ad0000)]
  0x000000001fb30000 JavaThread "jar transforms Thread 9" [_thread_blocked, id=8032, stack(0x00000000258d0000,0x00000000259d0000)]
  0x000000001fb31800 JavaThread "jar transforms Thread 8" [_thread_blocked, id=14028, stack(0x00000000257d0000,0x00000000258d0000)]
  0x000000001c356800 JavaThread "jar transforms Thread 7" [_thread_blocked, id=4672, stack(0x00000000256d0000,0x00000000257d0000)]
  0x000000001c355800 JavaThread "jar transforms Thread 6" [_thread_blocked, id=14944, stack(0x00000000255d0000,0x00000000256d0000)]
  0x000000001c355000 JavaThread "jar transforms Thread 5" [_thread_blocked, id=12072, stack(0x00000000254d0000,0x00000000255d0000)]
  0x000000001c353800 JavaThread "jar transforms Thread 4" [_thread_blocked, id=7964, stack(0x00000000253d0000,0x00000000254d0000)]
  0x000000001c354000 JavaThread "jar transforms Thread 3" [_thread_blocked, id=8808, stack(0x00000000252d0000,0x00000000253d0000)]
  0x000000001c352800 JavaThread "jar transforms Thread 2" [_thread_blocked, id=13376, stack(0x00000000251d0000,0x00000000252d0000)]
  0x000000001ceab000 JavaThread "Cache worker for file content cache (C:\Users\Saurabh Tripathi\.gradle\caches\6.5\fileContent)" [_thread_blocked, id=11728, stack(0x00000000242d0000,0x00000000243d0000)]
  0x000000001ceaa800 JavaThread "jar transforms" [_thread_blocked, id=8868, stack(0x00000000218d0000,0x00000000219d0000)]
  0x000000001cea9800 JavaThread "Cache worker for execution history cache (C:\Users\Saurabh Tripathi\.gradle\caches\6.5\executionHistory)" [_thread_blocked, id=1752, stack(0x00000000217d0000,0x00000000218d0000)]
  0x000000001ceae000 JavaThread "Cache worker for file hash cache (C:\Users\Saurabh Tripathi\.gradle\caches\6.5\fileHashes)" [_thread_blocked, id=13052, stack(0x000000001f030000,0x000000001f130000)]
  0x000000001cea9000 JavaThread "File lock request listener" [_thread_in_native, id=3132, stack(0x000000001ef30000,0x000000001f030000)]
  0x000000001cb22000 JavaThread "Cache worker for journal cache (C:\Users\Saurabh Tripathi\.gradle\caches\journal-1)" [_thread_blocked, id=320, stack(0x000000001ee30000,0x000000001ef30000)]
  0x000000001b0c2000 JavaThread "Daemon worker" [_thread_blocked, id=4504, stack(0x000000001e830000,0x000000001e930000)]
  0x000000001c62d800 JavaThread "Daemon" [_thread_blocked, id=6488, stack(0x000000001e430000,0x000000001e530000)]
  0x000000001c616000 JavaThread "Daemon periodic checks" [_thread_blocked, id=11004, stack(0x000000001e130000,0x000000001e230000)]
  0x000000001c6f6800 JavaThread "Incoming local TCP Connector on port 59299" [_thread_in_native, id=10496, stack(0x000000001def0000,0x000000001dff0000)]
  0x000000001c224800 JavaThread "Daemon health stats" [_thread_blocked, id=11436, stack(0x000000001d8b0000,0x000000001d9b0000)]
  0x000000001a06a000 JavaThread "Service Thread" daemon [_thread_blocked, id=1324, stack(0x000000001ad10000,0x000000001ae10000)]
  0x000000001a04e800 JavaThread "C1 CompilerThread3" daemon [_thread_in_native, id=2700, stack(0x000000001ac10000,0x000000001ad10000)]
  0x000000001a049000 JavaThread "C2 CompilerThread2" daemon [_thread_in_native, id=13772, stack(0x000000001ab10000,0x000000001ac10000)]
=>0x000000001823d000 JavaThread "C2 CompilerThread1" daemon [_thread_in_native, id=2156, stack(0x000000001aa10000,0x000000001ab10000)]
  0x000000001a045800 JavaThread "C2 CompilerThread0" daemon [_thread_in_native, id=7456, stack(0x000000001a910000,0x000000001aa10000)]
  0x000000001a044800 JavaThread "Attach Listener" daemon [_thread_blocked, id=1396, stack(0x000000001a810000,0x000000001a910000)]
  0x000000001a043000 JavaThread "Signal Dispatcher" daemon [_thread_blocked, id=7576, stack(0x000000001a710000,0x000000001a810000)]
  0x00000000031be000 JavaThread "Finalizer" daemon [_thread_blocked, id=12272, stack(0x000000001a510000,0x000000001a610000)]
  0x000000001822c800 JavaThread "Reference Handler" daemon [_thread_blocked, id=1776, stack(0x000000001a410000,0x000000001a510000)]
  0x00000000030be800 JavaThread "main" [_thread_blocked, id=3364, stack(0x0000000002f10000,0x0000000003010000)]

Other Threads:
  0x0000000018228000 VMThread [stack: 0x0000000019f10000,0x000000001a010000] [id=9680]
  0x000000001a06a800 WatcherThread [stack: 0x000000001ae10000,0x000000001af10000] [id=10160]

VM state:not at safepoint (normal execution)

VM Mutex/Monitor currently owned by a thread: None

heap address: 0x0000000080000000, size: 2048 MB, Compressed Oops mode: 32-bit
Narrow klass base: 0x0000000000000000, Narrow klass shift: 3
Compressed class space size: 1073741824 Address: 0x0000000100000000

Heap:
 PSYoungGen      total 306688K, used 262319K [0x00000000d5580000, 0x00000000ea600000, 0x0000000100000000)
  eden space 285696K, 84% used [0x00000000d5580000,0x00000000e416acd8,0x00000000e6c80000)
  from space 20992K, 98% used [0x00000000e9180000,0x00000000ea5c1250,0x00000000ea600000)
  to   space 25600K, 0% used [0x00000000e7400000,0x00000000e7400000,0x00000000e8d00000)
 ParOldGen       total 51200K, used 33033K [0x0000000080000000, 0x0000000083200000, 0x00000000d5580000)
  object space 51200K, 64% used [0x0000000080000000,0x0000000082042690,0x0000000083200000)
 Metaspace       used 67979K, capacity 71342K, committed 71592K, reserved 1112064K
  class space    used 9192K, capacity 9862K, committed 9904K, reserved 1048576K

Card table byte_map: [0x0000000012580000,0x0000000012990000] byte_map_base: 0x0000000012180000

Marking Bits: (ParMarkBitMap*) 0x0000000073c6f030
 Begin Bits: [0x0000000013440000, 0x0000000015440000)
 End Bits:   [0x0000000015440000, 0x0000000017440000)

Polling page: 0x0000000001100000

CodeCache: size=245760Kb used=21767Kb max_used=21781Kb free=223992Kb
 bounds [0x00000000031c0000, 0x0000000004720000, 0x00000000121c0000]
 total_blobs=7400 nmethods=6613 adapters=699
 compilation: enabled

Compilation events (10 events):
Event: 24.561 Thread 0x000000001a04e800 7616       2       com.google.common.collect.Interners$InternerImpl::intern (50 bytes)
Event: 24.562 Thread 0x000000001a04e800 nmethod 7616 0x00000000046e9e10 code [0x00000000046ea000, 0x00000000046ea518]
Event: 24.569 Thread 0x000000001a04e800 7618       2       org.gradle.internal.snapshot.AbstractCompleteFileSystemLocationSnapshot::<init> (20 bytes)
Event: 24.569 Thread 0x000000001a04e800 nmethod 7618 0x00000000046eaf50 code [0x00000000046eb0a0, 0x00000000046eb230]
Event: 24.616 Thread 0x000000001a045800 nmethod 7250 0x00000000046f2a90 code [0x00000000046f33c0, 0x00000000046f9700]
Event: 24.616 Thread 0x000000001a045800 7506       4       org.objectweb.asm.commons.MethodRemapper::remapFrameTypes (78 bytes)
Event: 24.629 Thread 0x000000001a045800 nmethod 7506 0x00000000046edf50 code [0x00000000046ee100, 0x00000000046eeb28]
Event: 24.629 Thread 0x000000001a045800 7494       4       org.objectweb.asm.SymbolTable::addConstantNameAndType (137 bytes)
Event: 24.645 Thread 0x000000001a045800 nmethod 7494 0x0000000004703f90 code [0x0000000004704140, 0x0000000004704f58]
Event: 24.645 Thread 0x000000001a045800 7390       4       org.objectweb.asm.SymbolTable::addConstantMemberReference (147 bytes)

GC Heap History (10 events):
Event: 7.339 GC heap before
{Heap before GC invocations=13 (full 2):
 PSYoungGen      total 192512K, used 180224K [0x00000000d5580000, 0x00000000e1e80000, 0x0000000100000000)
  eden space 180224K, 100% used [0x00000000d5580000,0x00000000e0580000,0x00000000e0580000)
  from space 12288K, 0% used [0x00000000e1280000,0x00000000e1280000,0x00000000e1e80000)
  to   space 12800K, 0% used [0x00000000e0580000,0x00000000e0580000,0x00000000e1200000)
 ParOldGen       total 51200K, used 14695K [0x0000000080000000, 0x0000000083200000, 0x00000000d5580000)
  object space 51200K, 28% used [0x0000000080000000,0x0000000080e59d70,0x0000000083200000)
 Metaspace       used 44167K, capacity 46038K, committed 46376K, reserved 1089536K
  class space    used 6002K, capacity 6395K, committed 6448K, reserved 1048576K
Event: 7.351 GC heap after
Heap after GC invocations=13 (full 2):
 PSYoungGen      total 193024K, used 12776K [0x00000000d5580000, 0x00000000e5680000, 0x0000000100000000)
  eden space 180224K, 0% used [0x00000000d5580000,0x00000000d5580000,0x00000000e0580000)
  from space 12800K, 99% used [0x00000000e0580000,0x00000000e11fa2e8,0x00000000e1200000)
  to   space 15360K, 0% used [0x00000000e4780000,0x00000000e4780000,0x00000000e5680000)
 ParOldGen       total 51200K, used 16127K [0x0000000080000000, 0x0000000083200000, 0x00000000d5580000)
  object space 51200K, 31% used [0x0000000080000000,0x0000000080fbfd40,0x0000000083200000)
 Metaspace       used 44167K, capacity 46038K, committed 46376K, reserved 1089536K
  class space    used 6002K, capacity 6395K, committed 6448K, reserved 1048576K
}
Event: 10.622 GC heap before
{Heap before GC invocations=14 (full 2):
 PSYoungGen      total 193024K, used 193000K [0x00000000d5580000, 0x00000000e5680000, 0x0000000100000000)
  eden space 180224K, 100% used [0x00000000d5580000,0x00000000e0580000,0x00000000e0580000)
  from space 12800K, 99% used [0x00000000e0580000,0x00000000e11fa2e8,0x00000000e1200000)
  to   space 15360K, 0% used [0x00000000e4780000,0x00000000e4780000,0x00000000e5680000)
 ParOldGen       total 51200K, used 16127K [0x0000000080000000, 0x0000000083200000, 0x00000000d5580000)
  object space 51200K, 31% used [0x0000000080000000,0x0000000080fbfd50,0x0000000083200000)
 Metaspace       used 55811K, capacity 58176K, committed 58408K, reserved 1099776K
  class space    used 7629K, capacity 8129K, committed 8240K, reserved 1048576K
Event: 10.642 GC heap after
Heap after GC invocations=14 (full 2):
 PSYoungGen      total 241152K, used 15342K [0x00000000d5580000, 0x00000000e5f00000, 0x0000000100000000)
  eden space 225792K, 0% used [0x00000000d5580000,0x00000000d5580000,0x00000000e3200000)
  from space 15360K, 99% used [0x00000000e4780000,0x00000000e567bb48,0x00000000e5680000)
  to   space 22016K, 0% used [0x00000000e3200000,0x00000000e3200000,0x00000000e4780000)
 ParOldGen       total 51200K, used 28268K [0x0000000080000000, 0x0000000083200000, 0x00000000d5580000)
  object space 51200K, 55% used [0x0000000080000000,0x0000000081b9b038,0x0000000083200000)
 Metaspace       used 55811K, capacity 58176K, committed 58408K, reserved 1099776K
  class space    used 7629K, capacity 8129K, committed 8240K, reserved 1048576K
}
Event: 10.839 GC heap before
{Heap before GC invocations=15 (full 2):
 PSYoungGen      total 241152K, used 25961K [0x00000000d5580000, 0x00000000e5f00000, 0x0000000100000000)
  eden space 225792K, 4% used [0x00000000d5580000,0x00000000d5fde908,0x00000000e3200000)
  from space 15360K, 99% used [0x00000000e4780000,0x00000000e567bb48,0x00000000e5680000)
  to   space 22016K, 0% used [0x00000000e3200000,0x00000000e3200000,0x00000000e4780000)
 ParOldGen       total 51200K, used 28268K [0x0000000080000000, 0x0000000083200000, 0x00000000d5580000)
  object space 51200K, 55% used [0x0000000080000000,0x0000000081b9b038,0x0000000083200000)
 Metaspace       used 56590K, capacity 59024K, committed 59160K, reserved 1099776K
  class space    used 7783K, capacity 8285K, committed 8368K, reserved 1048576K
Event: 10.849 GC heap after
Heap after GC invocations=15 (full 2):
 PSYoungGen      total 247808K, used 1263K [0x00000000d5580000, 0x00000000ea700000, 0x0000000100000000)
  eden space 225792K, 0% used [0x00000000d5580000,0x00000000d5580000,0x00000000e3200000)
  from space 22016K, 5% used [0x00000000e3200000,0x00000000e333bd50,0x00000000e4780000)
  to   space 22016K, 0% used [0x00000000e9180000,0x00000000e9180000,0x00000000ea700000)
 ParOldGen       total 51200K, used 41525K [0x0000000080000000, 0x0000000083200000, 0x00000000d5580000)
  object space 51200K, 81% used [0x0000000080000000,0x000000008288d7a0,0x0000000083200000)
 Metaspace       used 56590K, capacity 59024K, committed 59160K, reserved 1099776K
  class space    used 7783K, capacity 8285K, committed 8368K, reserved 1048576K
}
Event: 10.849 GC heap before
{Heap before GC invocations=16 (full 3):
 PSYoungGen      total 247808K, used 1263K [0x00000000d5580000, 0x00000000ea700000, 0x0000000100000000)
  eden space 225792K, 0% used [0x00000000d5580000,0x00000000d5580000,0x00000000e3200000)
  from space 22016K, 5% used [0x00000000e3200000,0x00000000e333bd50,0x00000000e4780000)
  to   space 22016K, 0% used [0x00000000e9180000,0x00000000e9180000,0x00000000ea700000)
 ParOldGen       total 51200K, used 41525K [0x0000000080000000, 0x0000000083200000, 0x00000000d5580000)
  object space 51200K, 81% used [0x0000000080000000,0x000000008288d7a0,0x0000000083200000)
 Metaspace       used 56590K, capacity 59024K, committed 59160K, reserved 1099776K
  class space    used 7783K, capacity 8285K, committed 8368K, reserved 1048576K
Event: 11.058 GC heap after
Heap after GC invocations=16 (full 3):
 PSYoungGen      total 247808K, used 0K [0x00000000d5580000, 0x00000000ea700000, 0x0000000100000000)
  eden space 225792K, 0% used [0x00000000d5580000,0x00000000d5580000,0x00000000e3200000)
  from space 22016K, 0% used [0x00000000e3200000,0x00000000e3200000,0x00000000e4780000)
  to   space 22016K, 0% used [0x00000000e9180000,0x00000000e9180000,0x00000000ea700000)
 ParOldGen       total 51200K, used 32921K [0x0000000080000000, 0x0000000083200000, 0x00000000d5580000)
  object space 51200K, 64% used [0x0000000080000000,0x0000000082026628,0x0000000083200000)
 Metaspace       used 56523K, capacity 58802K, committed 59160K, reserved 1099776K
  class space    used 7763K, capacity 8248K, committed 8368K, reserved 1048576K
}
Event: 23.805 GC heap before
{Heap before GC invocations=17 (full 3):
 PSYoungGen      total 247808K, used 225792K [0x00000000d5580000, 0x00000000ea700000, 0x0000000100000000)
  eden space 225792K, 100% used [0x00000000d5580000,0x00000000e3200000,0x00000000e3200000)
  from space 22016K, 0% used [0x00000000e3200000,0x00000000e3200000,0x00000000e4780000)
  to   space 22016K, 0% used [0x00000000e9180000,0x00000000e9180000,0x00000000ea700000)
 ParOldGen       total 51200K, used 33025K [0x0000000080000000, 0x0000000083200000, 0x00000000d5580000)
  object space 51200K, 64% used [0x0000000080000000,0x0000000082040690,0x0000000083200000)
 Metaspace       used 67204K, capacity 70444K, committed 70696K, reserved 1110016K
  class space    used 9134K, capacity 9773K, committed 9776K, reserved 1048576K
Event: 23.825 GC heap after
Heap after GC invocations=17 (full 3):
 PSYoungGen      total 306688K, used 20740K [0x00000000d5580000, 0x00000000ea600000, 0x0000000100000000)
  eden space 285696K, 0% used [0x00000000d5580000,0x00000000d5580000,0x00000000e6c80000)
  from space 20992K, 98% used [0x00000000e9180000,0x00000000ea5c1250,0x00000000ea600000)
  to   space 25600K, 0% used [0x00000000e7400000,0x00000000e7400000,0x00000000e8d00000)
 ParOldGen       total 51200K, used 33033K [0x0000000080000000, 0x0000000083200000, 0x00000000d5580000)
  object space 51200K, 64% used [0x0000000080000000,0x0000000082042690,0x0000000083200000)
 Metaspace       used 67204K, capacity 70444K, committed 70696K, reserved 1110016K
  class space    used 9134K, capacity 9773K, committed 9776K, reserved 1048576K
}

Deoptimization events (10 events):
Event: 23.860 Thread 0x000000001faae000 Uncommon trap: reason=unstable_if action=reinterpret pc=0x00000000032d03a8 method=java.io.PushbackInputStream.read([BII)I @ 122
Event: 24.089 Thread 0x000000001faad000 Uncommon trap: reason=class_check action=maybe_recompile pc=0x000000000436c408 method=java.util.regex.Matcher.search(I)Z @ 86
Event: 24.102 Thread 0x000000001faae800 Uncommon trap: reason=unstable_if action=reinterpret pc=0x0000000003c96e90 method=org.objectweb.asm.ClassReader.readUtf(II[C)Ljava/lang/String; @ 41
Event: 24.102 Thread 0x000000001faae800 Uncommon trap: reason=unstable_if action=reinterpret pc=0x0000000003af7238 method=org.objectweb.asm.ByteVector.putUTF8(Ljava/lang/String;)Lorg/objectweb/asm/ByteVector; @ 93
Event: 24.102 Thread 0x000000001faae800 Uncommon trap: reason=unstable_if action=reinterpret pc=0x0000000003d2aa28 method=org.objectweb.asm.ClassReader.readUtf(II[C)Ljava/lang/String; @ 41
Event: 24.102 Thread 0x000000001faae800 Uncommon trap: reason=unstable_if action=reinterpret pc=0x0000000003b4060c method=org.objectweb.asm.ByteVector.putUTF8(Ljava/lang/String;)Lorg/objectweb/asm/ByteVector; @ 93
Event: 24.104 Thread 0x000000001faae800 Uncommon trap: reason=unstable_if action=reinterpret pc=0x0000000003aff3a0 method=org.objectweb.asm.ClassReader.readUtf(II[C)Ljava/lang/String; @ 41
Event: 24.348 Thread 0x000000001faac800 Uncommon trap: reason=class_check action=maybe_recompile pc=0x0000000003d8a218 method=java.util.regex.Matcher.search(I)Z @ 86
Event: 24.374 Thread 0x000000001c349000 Uncommon trap: reason=unstable_if action=reinterpret pc=0x000000000349dbfc method=java.lang.String$CaseInsensitiveComparator.compare(Ljava/lang/String;Ljava/lang/String;)I @ 70
Event: 24.495 Thread 0x000000001c349000 Uncommon trap: reason=unstable_if action=reinterpret pc=0x00000000037d9a6c method=java.io.PushbackInputStream.read([BII)I @ 122

Classes redefined (0 events):
No events

Internal exceptions (10 events):
Event: 23.848 Thread 0x000000001faa4000 Exception <a 'java/lang/NoSuchMethodError': java.lang.Object.lambda$flatMap$2(Ljava/util/function/Function;Ljava/lang/Object;)Lorg/gradle/internal/Try;> (0x00000000d56e78e0) thrown at [C:\src\AOSP-openjdk-git\hotspot\src\share\vm\interpreter\linkResolver.
Event: 23.848 Thread 0x000000001c349000 Exception <a 'java/lang/NoSuchMethodError': java.lang.Object.lambda$flatMap$2(Ljava/util/function/Function;Ljava/lang/Object;)Lorg/gradle/internal/Try;> (0x00000000d5cde330) thrown at [C:\src\AOSP-openjdk-git\hotspot\src\share\vm\interpreter\linkResolver.
Event: 23.848 Thread 0x000000001faad000 Exception <a 'java/lang/NoSuchMethodError': java.lang.Object.lambda$flatMap$2(Ljava/util/function/Function;Ljava/lang/Object;)Lorg/gradle/internal/Try;> (0x00000000d5639690) thrown at [C:\src\AOSP-openjdk-git\hotspot\src\share\vm\interpreter\linkResolver.
Event: 23.848 Thread 0x000000001faab800 Exception <a 'java/lang/NoSuchMethodError': java.lang.Object.lambda$flatMap$2(Ljava/util/function/Function;Ljava/lang/Object;)Lorg/gradle/internal/Try;> (0x00000000d56b8ec0) thrown at [C:\src\AOSP-openjdk-git\hotspot\src\share\vm\interpreter\linkResolver.
Event: 24.079 Thread 0x000000001c347800 Exception <a 'sun/nio/fs/WindowsException'> (0x00000000d6fd0478) thrown at [C:\src\AOSP-openjdk-git\hotspot\src\share\vm\prims\jni.cpp, line 710]
Event: 24.281 Thread 0x000000001faad000 Exception <a 'sun/nio/fs/WindowsException'> (0x00000000e12a1190) thrown at [C:\src\AOSP-openjdk-git\hotspot\src\share\vm\prims\jni.cpp, line 710]
Event: 24.340 Thread 0x000000001faae000 Exception <a 'sun/nio/fs/WindowsException'> (0x00000000e3450bf0) thrown at [C:\src\AOSP-openjdk-git\hotspot\src\share\vm\prims\jni.cpp, line 710]
Event: 24.346 Thread 0x000000001faae800 Exception <a 'sun/nio/fs/WindowsException'> (0x00000000e35a06c0) thrown at [C:\src\AOSP-openjdk-git\hotspot\src\share\vm\prims\jni.cpp, line 710]
Event: 24.389 Thread 0x000000001faac800 Exception <a 'sun/nio/fs/WindowsException'> (0x00000000e3a2c4d0) thrown at [C:\src\AOSP-openjdk-git\hotspot\src\share\vm\prims\jni.cpp, line 710]
Event: 24.502 Thread 0x000000001c349000 Exception <a 'sun/nio/fs/WindowsException'> (0x00000000e3f249b8) thrown at [C:\src\AOSP-openjdk-git\hotspot\src\share\vm\prims\jni.cpp, line 710]

Events (10 events):
Event: 24.348 Thread 0x000000001faac800 DEOPT PACKING pc=0x0000000003d8a218 sp=0x00000000250cbbf0
Event: 24.348 Thread 0x000000001faac800 DEOPT UNPACKING pc=0x000000000320557b sp=0x00000000250cbbb8 mode 2
Event: 24.374 Thread 0x000000001c349000 Uncommon trap: trap_request=0xffffff65 fr.pc=0x000000000349dbfc
Event: 24.374 Thread 0x000000001c349000 DEOPT PACKING pc=0x000000000349dbfc sp=0x000000002c3cb040
Event: 24.374 Thread 0x000000001c349000 DEOPT UNPACKING pc=0x000000000320557b sp=0x000000002c3cafc8 mode 2
Event: 24.448 Thread 0x000000001faae800 DEOPT PACKING pc=0x00000000046d4291 sp=0x000000002c2cb7b0
Event: 24.448 Thread 0x000000001faae800 DEOPT UNPACKING pc=0x00000000032075d0 sp=0x000000002c2cb4f8 mode 0
Event: 24.495 Thread 0x000000001c349000 Uncommon trap: trap_request=0xffffff65 fr.pc=0x00000000037d9a6c
Event: 24.495 Thread 0x000000001c349000 DEOPT PACKING pc=0x00000000037d9a6c sp=0x000000002c3cb980
Event: 24.495 Thread 0x000000001c349000 DEOPT UNPACKING pc=0x000000000320557b sp=0x000000002c3cb838 mode 2


Dynamic libraries:
0x00007ff7f30b0000 - 0x00007ff7f30e1000 	C:\Program Files\Android\Android Studio\jre\bin\java.exe
0x00007ffdf8ba0000 - 0x00007ffdf8d90000 	C:\WINDOWS\SYSTEM32\ntdll.dll
0x00007ffdf6da0000 - 0x00007ffdf6e52000 	C:\WINDOWS\System32\KERNEL32.DLL
0x00007ffdf5b30000 - 0x00007ffdf5dd4000 	C:\WINDOWS\System32\KERNELBASE.dll
0x00007ffdf8a50000 - 0x00007ffdf8af3000 	C:\WINDOWS\System32\ADVAPI32.dll
0x00007ffdf6c50000 - 0x00007ffdf6cee000 	C:\WINDOWS\System32\msvcrt.dll
0x00007ffdf89b0000 - 0x00007ffdf8a47000 	C:\WINDOWS\System32\sechost.dll
0x00007ffdf8390000 - 0x00007ffdf84b0000 	C:\WINDOWS\System32\RPCRT4.dll
0x00007ffdf7280000 - 0x00007ffdf7414000 	C:\WINDOWS\System32\USER32.dll
0x00007ffdf6c20000 - 0x00007ffdf6c41000 	C:\WINDOWS\System32\win32u.dll
0x00007ffdf8b00000 - 0x00007ffdf8b26000 	C:\WINDOWS\System32\GDI32.dll
0x00007ffdf6900000 - 0x00007ffdf6a95000 	C:\WINDOWS\System32\gdi32full.dll
0x00007ffdf6b00000 - 0x00007ffdf6b9e000 	C:\WINDOWS\System32\msvcp_win.dll
0x00007ffdf5de0000 - 0x00007ffdf5eda000 	C:\WINDOWS\System32\ucrtbase.dll
0x00007ffde4d50000 - 0x00007ffde4fd4000 	C:\WINDOWS\WinSxS\amd64_microsoft.windows.common-controls_6595b64144ccf1df_6.0.18362.900_none_e6beb9d913147d17\COMCTL32.dll
0x00007ffdf6ee0000 - 0x00007ffdf7215000 	C:\WINDOWS\System32\combase.dll
0x00007ffdf6ba0000 - 0x00007ffdf6c20000 	C:\WINDOWS\System32\bcryptPrimitives.dll
0x00007ffdf8510000 - 0x00007ffdf853e000 	C:\WINDOWS\System32\IMM32.DLL
0x00000000732e0000 - 0x00000000733b2000 	C:\Program Files\Android\Android Studio\jre\jre\bin\msvcr100.dll
0x00000000734a0000 - 0x0000000073ceb000 	C:\Program Files\Android\Android Studio\jre\jre\bin\server\jvm.dll
0x00007ffdf7e10000 - 0x00007ffdf7e18000 	C:\WINDOWS\System32\PSAPI.DLL
0x00007ffdf1760000 - 0x00007ffdf1769000 	C:\WINDOWS\SYSTEM32\WSOCK32.dll
0x00007ffdf2910000 - 0x00007ffdf2934000 	C:\WINDOWS\SYSTEM32\WINMM.dll
0x00007ffdee310000 - 0x00007ffdee31a000 	C:\WINDOWS\SYSTEM32\VERSION.dll
0x00007ffdf80a0000 - 0x00007ffdf810f000 	C:\WINDOWS\System32\WS2_32.dll
0x00007ffdf1af0000 - 0x00007ffdf1b1d000 	C:\WINDOWS\SYSTEM32\WINMMBASE.dll
0x00007ffdf5ee0000 - 0x00007ffdf5f2a000 	C:\WINDOWS\System32\cfgmgr32.dll
0x00007ffdf1750000 - 0x00007ffdf175f000 	C:\Program Files\Android\Android Studio\jre\jre\bin\verify.dll
0x00007ffdf16f0000 - 0x00007ffdf1719000 	C:\Program Files\Android\Android Studio\jre\jre\bin\java.dll
0x00007ffde95d0000 - 0x00007ffde95e6000 	C:\Program Files\Android\Android Studio\jre\jre\bin\zip.dll
0x00007ffdf7720000 - 0x00007ffdf7e06000 	C:\WINDOWS\System32\SHELL32.dll
0x00007ffdf82e0000 - 0x00007ffdf8389000 	C:\WINDOWS\System32\shcore.dll
0x00007ffdf5f80000 - 0x00007ffdf6700000 	C:\WINDOWS\System32\windows.storage.dll
0x00007ffdf5b00000 - 0x00007ffdf5b23000 	C:\WINDOWS\System32\profapi.dll
0x00007ffdf5a70000 - 0x00007ffdf5aba000 	C:\WINDOWS\System32\powrprof.dll
0x00007ffdf5a60000 - 0x00007ffdf5a70000 	C:\WINDOWS\System32\UMPDC.dll
0x00007ffdf7420000 - 0x00007ffdf7472000 	C:\WINDOWS\System32\shlwapi.dll
0x00007ffdf5ae0000 - 0x00007ffdf5af1000 	C:\WINDOWS\System32\kernel.appcore.dll
0x00007ffdf5f60000 - 0x00007ffdf5f77000 	C:\WINDOWS\System32\cryptsp.dll
0x00007ffde8ee0000 - 0x00007ffde8efa000 	C:\Program Files\Android\Android Studio\jre\jre\bin\net.dll
0x00007ffdf4c10000 - 0x00007ffdf4c77000 	C:\WINDOWS\system32\mswsock.dll
0x00007ffde8d20000 - 0x00007ffde8d33000 	C:\Program Files\Android\Android Studio\jre\jre\bin\nio.dll
0x00007ffde87d0000 - 0x00007ffde87f7000 	C:\Users\Saurabh Tripathi\.gradle\native\f6784746aeab05261644944871eae4fe03e0ef1612fff0a4a95f87b438bc6780\windows-amd64\native-platform.dll
0x00007ffdf15a0000 - 0x00007ffdf15ad000 	C:\Program Files\Android\Android Studio\jre\jre\bin\management.dll
0x00007ffdf4760000 - 0x00007ffdf4793000 	C:\WINDOWS\system32\rsaenh.dll
0x00007ffdf5f30000 - 0x00007ffdf5f56000 	C:\WINDOWS\System32\bcrypt.dll
0x00007ffdf5980000 - 0x00007ffdf59a5000 	C:\WINDOWS\SYSTEM32\USERENV.dll
0x00007ffdf4de0000 - 0x00007ffdf4dec000 	C:\WINDOWS\SYSTEM32\CRYPTBASE.dll
0x00007ffdf4920000 - 0x00007ffdf495a000 	C:\WINDOWS\SYSTEM32\IPHLPAPI.DLL
0x00007ffdf8b50000 - 0x00007ffdf8b58000 	C:\WINDOWS\System32\NSI.dll
0x00007ffdea1b0000 - 0x00007ffdea1c6000 	C:\WINDOWS\SYSTEM32\dhcpcsvc6.DLL
0x00007ffdee280000 - 0x00007ffdee29c000 	C:\WINDOWS\SYSTEM32\dhcpcsvc.DLL
0x00007ffdf4960000 - 0x00007ffdf4a2b000 	C:\WINDOWS\SYSTEM32\DNSAPI.dll
0x00007ffdee320000 - 0x00007ffdee32b000 	C:\WINDOWS\SYSTEM32\WINNSI.DLL
0x00007ffdf5330000 - 0x00007ffdf5361000 	C:\WINDOWS\SYSTEM32\ntmarta.dll

VM Arguments:
jvm_args: -Xmx2048m -Dfile.encoding=UTF-8 -Duser.country=US -Duser.language=en -Duser.variant 
java_command: org.gradle.launcher.daemon.bootstrap.GradleDaemon 6.5
java_class_path (initial): C:\Users\Saurabh Tripathi\.gradle\wrapper\dists\gradle-6.5-all\2oz4ud9k3tuxjg84bbf55q0tn\gradle-6.5\lib\gradle-launcher-6.5.jar
Launcher Type: SUN_STANDARD

Environment Variables:
PATH=C:\Program Files (x86)\Intel\Intel(R) Management Engine Components\iCLS\;C:\Program Files\Intel\Intel(R) Management Engine Components\iCLS\;C:\WINDOWS\system32;C:\WINDOWS;C:\WINDOWS\System32\Wbem;C:\WINDOWS\System32\WindowsPowerShell\v1.0\;C:\WINDOWS\System32\OpenSSH\;C:\Program Files (x86)\Intel\Intel(R) Management Engine Components\DAL;C:\Program Files\Intel\Intel(R) Management Engine Components\DAL;C:\Program Files (x86)\Intel\Intel(R) Management Engine Components\IPT;C:\Program Files\Intel\Intel(R) Management Engine Components\IPT;C:\Program Files\Java\jdk-11.0.1\bin;C:\Program Files\Git\cmd;C:\ProgramData\chocolatey\bin;C:\Program Files\nodejs\;C:\Users\Saurabh Tripathi\AppData\Local\Microsoft\WindowsApps;C:\Users\Saurabh Tripathi\AppData\Local\Programs\Python\Python36-32\Scripts;C:\Users\Saurabh Tripathi\AppData\Local\Programs\Python\Python36-32;;C:\Program Files\heroku\bin;C:\Users\Saurabh Tripathi\AppData\Local\Programs\Microsoft VS Code\bin;C:\Users\Saurabh Tripathi\AppData\Roaming\npm
USERNAME=Saurabh Tripathi
OS=Windows_NT
PROCESSOR_IDENTIFIER=Intel64 Family 6 Model 142 Stepping 10, GenuineIntel



---------------  S Y S T E M  ---------------

OS: Windows 10.0 , 64 bit Build 18362 (10.0.18362.900)

CPU:total 8 (initial active 8) (4 cores per cpu, 2 threads per core) family 6 model 142 stepping 10, cmov, cx8, fxsr, mmx, sse, sse2, sse3, ssse3, sse4.1, sse4.2, popcnt, avx, avx2, aes, clmul, erms, 3dnowpref, lzcnt, ht, tsc, tscinvbit, bmi1, bmi2, adx

Memory: 4k page, physical 4073468k(286120k free), swap 6905852k(2056k free)

vm_info: OpenJDK 64-Bit Server VM (25.242-b01) for windows-amd64 JRE (1.8.0_242-release-1644-b01), built by "builder" with MS VC++ 10.0 (VS2010)

time: Tue Apr 27 12:45:33 2021
timezone: India Standard Time
elapsed time: 24 seconds (0d 0h 0m 24s)

