#
# There is insufficient memory for the Java Runtime Environment to continue.
# Native memory allocation (malloc) failed to allocate 1475216 bytes for Chunk::new
# Possible reasons:
#   The system is out of physical RAM or swap space
#   The process is running with CompressedOops enabled, and the Java Heap may be blocking the growth of the native heap
# Possible solutions:
#   Reduce memory load on the system
#   Increase physical memory or swap space
#   Check if swap backing store is full
#   Decrease Java heap size (-Xmx/-Xms)
#   Decrease number of Java threads
#   Decrease Java thread stack sizes (-Xss)
#   Set larger code cache with -XX:ReservedCodeCacheSize=
#   JVM is running with Unscaled Compressed Oops mode in which the Java heap is
#     placed in the first 4GB address space. The Java Heap base address is the
#     maximum limit for the native heap growth. Please use -XX:HeapBaseMinAddress
#     to set the Java Heap base and to place the Java Heap above 4GB virtual address.
# This output file may be truncated or incomplete.
#
#  Out of Memory Error (allocation.cpp:389), pid=14540, tid=0x0000000000002c1c
#
# JRE version: OpenJDK Runtime Environment (8.0_242-b01) (build 1.8.0_242-release-1644-b01)
# Java VM: OpenJDK 64-Bit Server VM (25.242-b01 mixed mode windows-amd64 compressed oops)
# Failed to write core dump. Minidumps are not enabled by default on client versions of Windows
#

---------------  T H R E A D  ---------------

Current thread (0x00000000193f1800):  JavaThread "C2 CompilerThread0" daemon [_thread_in_native, id=11292, stack(0x0000000019cc0000,0x0000000019dc0000)]

Stack: [0x0000000019cc0000,0x0000000019dc0000]
[error occurred during error reporting (printing stack bounds), id 0xc0000005]

Native frames: (J=compiled Java code, j=interpreted, Vv=VM code, C=native code)


Current CompileTask:
C2: 121095 8257       4       java.lang.Class::privateGetPublicMethods (267 bytes)


---------------  P R O C E S S  ---------------

Java Threads: ( => current thread )
  0x0000000019404800 JavaThread "Memory manager" [_thread_blocked, id=13980, stack(0x000000002dca0000,0x000000002dda0000)]
  0x000000001c58e000 JavaThread "Cache worker for execution history cache (C:\Users\Saurabh Tripathi\AndroidStudioProjects\Oxi\.gradle\6.5\executionHistory)" [_thread_blocked, id=7184, stack(0x000000002d380000,0x000000002d480000)]
  0x000000001aac7000 JavaThread "Build operations Thread 8" [_thread_blocked, id=7164, stack(0x0000000025d90000,0x0000000025e90000)]
  0x000000001aac5000 JavaThread "Build operations Thread 7" [_thread_blocked, id=9536, stack(0x0000000025c90000,0x0000000025d90000)]
  0x000000001c13a000 JavaThread "Build operations Thread 6" [_thread_blocked, id=12872, stack(0x0000000025b90000,0x0000000025c90000)]
  0x000000001c13c800 JavaThread "Build operations Thread 5" [_thread_blocked, id=14608, stack(0x0000000025a90000,0x0000000025b90000)]
  0x000000001c139800 JavaThread "Build operations Thread 4" [_thread_blocked, id=6412, stack(0x0000000025990000,0x0000000025a90000)]
  0x000000001c136800 JavaThread "Build operations Thread 3" [_thread_blocked, id=12876, stack(0x0000000025890000,0x0000000025990000)]
  0x000000001c13b000 JavaThread "Build operations Thread 2" [_thread_blocked, id=8232, stack(0x0000000025790000,0x0000000025890000)]
  0x000000001c13b800 JavaThread "Build operations" [_thread_blocked, id=12572, stack(0x0000000025690000,0x0000000025790000)]
  0x000000001c138000 JavaThread "Cache worker for Build Output Cleanup Cache (C:\Users\Saurabh Tripathi\AndroidStudioProjects\Oxi\.gradle\buildOutputCleanup)" [_thread_blocked, id=5608, stack(0x0000000025590000,0x0000000025690000)]
  0x000000001aba4000 JavaThread "Cache worker for cache directory md-rule (C:\Users\Saurabh Tripathi\.gradle\caches\6.5\md-rule)" [_thread_blocked, id=13140, stack(0x0000000025290000,0x0000000025390000)]
  0x000000001aba3000 JavaThread "Cache worker for cache directory md-supplier (C:\Users\Saurabh Tripathi\.gradle\caches\6.5\md-supplier)" [_thread_blocked, id=2928, stack(0x0000000025190000,0x0000000025290000)]
  0x000000001aba4800 JavaThread "Cache worker for checksums cache (C:\Users\Saurabh Tripathi\AndroidStudioProjects\Oxi\.gradle\checksums)" [_thread_blocked, id=13424, stack(0x0000000025090000,0x0000000025190000)]
  0x000000001aba2800 JavaThread "Cache worker for file hash cache (C:\Users\Saurabh Tripathi\AndroidStudioProjects\Oxi\.gradle\6.5\fileHashes)" [_thread_blocked, id=15184, stack(0x000000001dce0000,0x000000001dde0000)]
  0x000000001ab9b000 JavaThread "Thread-237" [_thread_blocked, id=6032, stack(0x000000001dbe0000,0x000000001dce0000)]
  0x000000001ab9e800 JavaThread "Stdin handler" [_thread_blocked, id=14080, stack(0x000000001d9e0000,0x000000001dae0000)]
  0x000000001aba1800 JavaThread "Asynchronous log dispatcher for DefaultDaemonConnection: socket connection from /127.0.0.1:59312 to /127.0.0.1:59327" [_thread_blocked, id=316, stack(0x000000001d8e0000,0x000000001d9e0000)]
  0x000000001ab9f800 JavaThread "Cancel handler" [_thread_blocked, id=11464, stack(0x00000000007f0000,0x00000000008f0000)]
  0x000000001ab9d000 JavaThread "Handler for socket connection from /127.0.0.1:59312 to /127.0.0.1:59327" [_thread_in_native, id=3136, stack(0x00000000006f0000,0x00000000007f0000)]
  0x000000001aba0000 JavaThread "jar transforms Thread 188" [_thread_blocked, id=1904, stack(0x000000002a790000,0x000000002a890000)]
  0x000000001ab9e000 JavaThread "jar transforms Thread 187" [_thread_blocked, id=11216, stack(0x000000002a690000,0x000000002a790000)]
  0x000000001aba1000 JavaThread "jar transforms Thread 186" [_thread_blocked, id=13532, stack(0x000000002a590000,0x000000002a690000)]
  0x000000001ab96000 JavaThread "jar transforms Thread 185" [_thread_blocked, id=2172, stack(0x000000002a490000,0x000000002a590000)]
  0x000000001ab98000 JavaThread "jar transforms Thread 184" [_thread_blocked, id=9876, stack(0x000000002a390000,0x000000002a490000)]
  0x000000001ab9c800 JavaThread "jar transforms Thread 183" [_thread_blocked, id=10180, stack(0x000000002a290000,0x000000002a390000)]
  0x000000001ab9b800 JavaThread "jar transforms Thread 182" [_thread_blocked, id=7236, stack(0x000000002a190000,0x000000002a290000)]
  0x000000001ab9a000 JavaThread "jar transforms Thread 181" [_thread_blocked, id=15160, stack(0x000000002a090000,0x000000002a190000)]
  0x000000001ab99800 JavaThread "jar transforms Thread 180" [_thread_blocked, id=2308, stack(0x0000000029f90000,0x000000002a090000)]
  0x000000001ab95800 JavaThread "jar transforms Thread 179" [_thread_blocked, id=7308, stack(0x0000000029e90000,0x0000000029f90000)]
  0x000000001ab97000 JavaThread "jar transforms Thread 178" [_thread_blocked, id=8904, stack(0x0000000029d90000,0x0000000029e90000)]
  0x000000001ab98800 JavaThread "jar transforms Thread 177" [_thread_blocked, id=8028, stack(0x0000000029c90000,0x0000000029d90000)]
  0x000000001fcbd000 JavaThread "jar transforms Thread 176" [_thread_blocked, id=5860, stack(0x0000000029b90000,0x0000000029c90000)]
  0x000000001fcbc000 JavaThread "jar transforms Thread 175" [_thread_blocked, id=7640, stack(0x0000000029a90000,0x0000000029b90000)]
  0x000000001fcbb800 JavaThread "jar transforms Thread 174" [_thread_blocked, id=1208, stack(0x0000000029990000,0x0000000029a90000)]
  0x000000001fcba800 JavaThread "jar transforms Thread 173" [_thread_blocked, id=13300, stack(0x0000000029890000,0x0000000029990000)]
  0x000000001fcb8800 JavaThread "jar transforms Thread 172" [_thread_blocked, id=7132, stack(0x0000000029790000,0x0000000029890000)]
  0x000000001fcba000 JavaThread "jar transforms Thread 171" [_thread_blocked, id=3644, stack(0x0000000029690000,0x0000000029790000)]
  0x000000001fcb9000 JavaThread "jar transforms Thread 170" [_thread_blocked, id=4544, stack(0x0000000029590000,0x0000000029690000)]
  0x000000001fcb7800 JavaThread "jar transforms Thread 169" [_thread_blocked, id=14764, stack(0x0000000029490000,0x0000000029590000)]
  0x000000001fcbd800 JavaThread "jar transforms Thread 168" [_thread_blocked, id=11580, stack(0x0000000029390000,0x0000000029490000)]
  0x000000001fcb1000 JavaThread "jar transforms Thread 167" [_thread_blocked, id=13456, stack(0x0000000029290000,0x0000000029390000)]
  0x000000001fcb0000 JavaThread "jar transforms Thread 166" [_thread_blocked, id=5576, stack(0x0000000029190000,0x0000000029290000)]
  0x000000001fcb4000 JavaThread "jar transforms Thread 165" [_thread_blocked, id=1156, stack(0x0000000029090000,0x0000000029190000)]
  0x000000001fcb3000 JavaThread "jar transforms Thread 164" [_thread_blocked, id=4196, stack(0x0000000028f90000,0x0000000029090000)]
  0x000000001fcb2800 JavaThread "jar transforms Thread 163" [_thread_blocked, id=12916, stack(0x0000000028e90000,0x0000000028f90000)]
  0x000000001fcb7000 JavaThread "jar transforms Thread 162" [_thread_blocked, id=14280, stack(0x0000000028d90000,0x0000000028e90000)]
  0x000000001fcaf800 JavaThread "jar transforms Thread 161" [_thread_blocked, id=2516, stack(0x0000000028c90000,0x0000000028d90000)]
  0x000000001fcb6000 JavaThread "jar transforms Thread 160" [_thread_blocked, id=8120, stack(0x0000000028b90000,0x0000000028c90000)]
  0x000000001fcae800 JavaThread "jar transforms Thread 159" [_thread_blocked, id=12648, stack(0x0000000028a90000,0x0000000028b90000)]
  0x000000001fcb1800 JavaThread "jar transforms Thread 158" [_thread_blocked, id=12088, stack(0x0000000028990000,0x0000000028a90000)]
  0x000000001fcb5800 JavaThread "jar transforms Thread 157" [_thread_blocked, id=8972, stack(0x0000000028890000,0x0000000028990000)]
  0x000000001fcb4800 JavaThread "jar transforms Thread 156" [_thread_blocked, id=5820, stack(0x0000000028790000,0x0000000028890000)]
  0x000000001fc71800 JavaThread "jar transforms Thread 155" [_thread_blocked, id=7908, stack(0x0000000028690000,0x0000000028790000)]
  0x000000001fc70000 JavaThread "jar transforms Thread 154" [_thread_blocked, id=3204, stack(0x0000000028590000,0x0000000028690000)]
  0x000000001fc70800 JavaThread "jar transforms Thread 153" [_thread_blocked, id=2384, stack(0x0000000028490000,0x0000000028590000)]
  0x000000001fc6d800 JavaThread "jar transforms Thread 152" [_thread_blocked, id=5280, stack(0x0000000028390000,0x0000000028490000)]
  0x000000001fc6d000 JavaThread "jar transforms Thread 151" [_thread_blocked, id=5780, stack(0x0000000028290000,0x0000000028390000)]
  0x000000001fc6c000 JavaThread "jar transforms Thread 150" [_thread_blocked, id=2796, stack(0x0000000028190000,0x0000000028290000)]
  0x000000001fc6e800 JavaThread "jar transforms Thread 149" [_thread_blocked, id=10324, stack(0x0000000028090000,0x0000000028190000)]
  0x000000001fc6f000 JavaThread "jar transforms Thread 148" [_thread_blocked, id=12548, stack(0x0000000027f90000,0x0000000028090000)]
  0x000000001fc6a800 JavaThread "jar transforms Thread 147" [_thread_blocked, id=3712, stack(0x0000000027e90000,0x0000000027f90000)]
  0x000000001fc65800 JavaThread "jar transforms Thread 146" [_thread_blocked, id=7860, stack(0x0000000027d90000,0x0000000027e90000)]
  0x000000001fc6b800 JavaThread "jar transforms Thread 145" [_thread_blocked, id=12460, stack(0x0000000027c90000,0x0000000027d90000)]
  0x000000001fc63000 JavaThread "jar transforms Thread 144" [_thread_blocked, id=15172, stack(0x0000000027b90000,0x0000000027c90000)]
  0x000000001fc6a000 JavaThread "jar transforms Thread 143" [_thread_blocked, id=4492, stack(0x0000000027a90000,0x0000000027b90000)]
  0x000000001fc62800 JavaThread "jar transforms Thread 142" [_thread_blocked, id=10992, stack(0x0000000027990000,0x0000000027a90000)]
  0x000000001fc67000 JavaThread "jar transforms Thread 141" [_thread_blocked, id=8700, stack(0x0000000027890000,0x0000000027990000)]
  0x000000001fc66000 JavaThread "jar transforms Thread 140" [_thread_blocked, id=3016, stack(0x0000000027790000,0x0000000027890000)]
  0x000000001fc67800 JavaThread "jar transforms Thread 139" [_thread_blocked, id=8800, stack(0x0000000027690000,0x0000000027790000)]
  0x000000001fc69000 JavaThread "jar transforms Thread 138" [_thread_blocked, id=3568, stack(0x0000000027590000,0x0000000027690000)]
  0x000000001fc64800 JavaThread "jar transforms Thread 137" [_thread_blocked, id=12912, stack(0x0000000027490000,0x0000000027590000)]
  0x000000001fc68800 JavaThread "jar transforms Thread 136" [_thread_blocked, id=5192, stack(0x0000000027390000,0x0000000027490000)]
  0x000000001fc64000 JavaThread "jar transforms Thread 135" [_thread_blocked, id=4484, stack(0x0000000027290000,0x0000000027390000)]
  0x000000001c59b800 JavaThread "jar transforms Thread 134" [_thread_blocked, id=12604, stack(0x0000000027190000,0x0000000027290000)]
  0x000000001c59a000 JavaThread "jar transforms Thread 133" [_thread_blocked, id=7936, stack(0x0000000027090000,0x0000000027190000)]
  0x000000001c59b000 JavaThread "jar transforms Thread 132" [_thread_blocked, id=14864, stack(0x0000000026f90000,0x0000000027090000)]
  0x000000001c598800 JavaThread "jar transforms Thread 131" [_thread_blocked, id=13528, stack(0x0000000026e90000,0x0000000026f90000)]
  0x000000001c599800 JavaThread "jar transforms Thread 130" [_thread_blocked, id=6148, stack(0x0000000026d90000,0x0000000026e90000)]
  0x000000001c591000 JavaThread "jar transforms Thread 129" [_thread_blocked, id=11380, stack(0x0000000026c90000,0x0000000026d90000)]
  0x000000001c598000 JavaThread "jar transforms Thread 128" [_thread_blocked, id=3296, stack(0x0000000026b90000,0x0000000026c90000)]
  0x000000001c595000 JavaThread "jar transforms Thread 127" [_thread_blocked, id=6836, stack(0x0000000026a90000,0x0000000026b90000)]
  0x000000001c594000 JavaThread "jar transforms Thread 126" [_thread_blocked, id=7900, stack(0x0000000026990000,0x0000000026a90000)]
  0x000000001c595800 JavaThread "jar transforms Thread 125" [_thread_blocked, id=1080, stack(0x0000000026890000,0x0000000026990000)]
  0x000000001c597000 JavaThread "jar transforms Thread 124" [_thread_blocked, id=7520, stack(0x0000000026790000,0x0000000026890000)]
  0x000000001c590800 JavaThread "jar transforms Thread 123" [_thread_blocked, id=9076, stack(0x0000000026690000,0x0000000026790000)]
  0x000000001c596800 JavaThread "jar transforms Thread 122" [_thread_blocked, id=2636, stack(0x0000000026590000,0x0000000026690000)]
  0x000000001c58d000 JavaThread "jar transforms Thread 121" [_thread_blocked, id=7508, stack(0x0000000026490000,0x0000000026590000)]
  0x000000001c593800 JavaThread "jar transforms Thread 120" [_thread_blocked, id=1152, stack(0x0000000026390000,0x0000000026490000)]
  0x000000001c592800 JavaThread "jar transforms Thread 119" [_thread_blocked, id=14552, stack(0x0000000026290000,0x0000000026390000)]
  0x000000001c58f000 JavaThread "jar transforms Thread 118" [_thread_blocked, id=14504, stack(0x0000000026190000,0x0000000026290000)]
  0x000000001c592000 JavaThread "jar transforms Thread 117" [_thread_blocked, id=13948, stack(0x0000000026090000,0x0000000026190000)]
  0x000000001c58f800 JavaThread "jar transforms Thread 116" [_thread_blocked, id=9072, stack(0x0000000025f90000,0x0000000026090000)]
  0x000000001c58c800 JavaThread "jar transforms Thread 115" [_thread_blocked, id=13184, stack(0x0000000025e90000,0x0000000025f90000)]
  0x000000001c138800 JavaThread "jar transforms Thread 114" [_thread_blocked, id=1516, stack(0x0000000024f90000,0x0000000025090000)]
  0x000000001c137000 JavaThread "jar transforms Thread 113" [_thread_blocked, id=8292, stack(0x0000000024e90000,0x0000000024f90000)]
  0x000000001c12f000 JavaThread "jar transforms Thread 112" [_thread_blocked, id=6416, stack(0x0000000024d90000,0x0000000024e90000)]
  0x000000001c135800 JavaThread "jar transforms Thread 111" [_thread_blocked, id=8404, stack(0x0000000024c90000,0x0000000024d90000)]
  0x000000001c12e000 JavaThread "jar transforms Thread 110" [_thread_blocked, id=3588, stack(0x0000000024b90000,0x0000000024c90000)]
  0x000000001c135000 JavaThread "jar transforms Thread 109" [_thread_blocked, id=5984, stack(0x0000000024a90000,0x0000000024b90000)]
  0x000000001c12d800 JavaThread "jar transforms Thread 108" [_thread_blocked, id=3836, stack(0x0000000024990000,0x0000000024a90000)]
  0x000000001c134000 JavaThread "jar transforms Thread 107" [_thread_blocked, id=1100, stack(0x0000000024890000,0x0000000024990000)]
  0x000000001c133800 JavaThread "jar transforms Thread 106" [_thread_blocked, id=12784, stack(0x0000000024790000,0x0000000024890000)]
  0x000000001aacf800 JavaThread "jar transforms Thread 105" [_thread_blocked, id=7332, stack(0x0000000024690000,0x0000000024790000)]
  0x000000001aacd000 JavaThread "jar transforms Thread 104" [_thread_blocked, id=9508, stack(0x0000000024590000,0x0000000024690000)]
  0x000000001aacc800 JavaThread "jar transforms Thread 103" [_thread_blocked, id=2884, stack(0x0000000024020000,0x0000000024120000)]
  0x000000001aacb800 JavaThread "jar transforms Thread 102" [_thread_blocked, id=248, stack(0x0000000023d10000,0x0000000023e10000)]
  0x000000001aace000 JavaThread "jar transforms Thread 101" [_thread_blocked, id=968, stack(0x0000000022540000,0x0000000022640000)]
  0x000000001aacb000 JavaThread "jar transforms Thread 100" [_thread_blocked, id=14460, stack(0x0000000021f40000,0x0000000022040000)]
  0x000000001aac9800 JavaThread "jar transforms Thread 99" [_thread_blocked, id=8248, stack(0x0000000020d90000,0x0000000020e90000)]
  0x000000001aac8800 JavaThread "jar transforms Thread 98" [_thread_blocked, id=14700, stack(0x00000000209d0000,0x0000000020ad0000)]
  0x000000001aaca000 JavaThread "jar transforms Thread 97" [_thread_blocked, id=9028, stack(0x000000001f6b0000,0x000000001f7b0000)]
  0x000000001aace800 JavaThread "jar transforms Thread 96" [_thread_blocked, id=2188, stack(0x000000001dee0000,0x000000001dfe0000)]
  0x000000001aac2800 JavaThread "jar transforms Thread 95" [_thread_blocked, id=13828, stack(0x000000001dde0000,0x000000001dee0000)]
  0x000000001aac1000 JavaThread "Daemon worker Thread 2" [_thread_in_native, id=8516, stack(0x000000001d7e0000,0x000000001d8e0000)]
  0x000000001aac3800 JavaThread "Daemon Thread 2" [_thread_blocked, id=13340, stack(0x00000000004d0000,0x00000000005d0000)]
  0x000000001c12f800 JavaThread "Cache worker for file content cache (C:\Users\Saurabh Tripathi\.gradle\caches\6.5\fileContent)" [_thread_blocked, id=14852, stack(0x0000000023c10000,0x0000000023d10000)]
  0x00000000193ff800 JavaThread "Cache worker for execution history cache (C:\Users\Saurabh Tripathi\.gradle\caches\6.5\executionHistory)" [_thread_blocked, id=10868, stack(0x0000000022040000,0x0000000022140000)]
  0x0000000019403800 JavaThread "Cache worker for file hash cache (C:\Users\Saurabh Tripathi\.gradle\caches\6.5\fileHashes)" [_thread_blocked, id=9736, stack(0x000000001e3e0000,0x000000001e4e0000)]
  0x0000000019403000 JavaThread "File lock request listener" [_thread_in_native, id=8116, stack(0x000000001e2e0000,0x000000001e3e0000)]
  0x000000001c076000 JavaThread "Cache worker for journal cache (C:\Users\Saurabh Tripathi\.gradle\caches\journal-1)" [_thread_blocked, id=10912, stack(0x000000001e1e0000,0x000000001e2e0000)]
  0x000000001be69800 JavaThread "Daemon periodic checks" [_thread_blocked, id=14364, stack(0x000000001d4e0000,0x000000001d5e0000)]
  0x000000001b9c7800 JavaThread "Incoming local TCP Connector on port 59312" [_thread_in_native, id=7540, stack(0x000000001d2a0000,0x000000001d3a0000)]
  0x000000001beba000 JavaThread "Daemon health stats" [_thread_blocked, id=10708, stack(0x000000001cc60000,0x000000001cd60000)]
  0x0000000019490000 JavaThread "Service Thread" daemon [_thread_blocked, id=9568, stack(0x000000001a0c0000,0x000000001a1c0000)]
  0x0000000019400800 JavaThread "C1 CompilerThread3" daemon [_thread_blocked, id=10176, stack(0x0000000019fc0000,0x000000001a0c0000)]
  0x00000000193f8800 JavaThread "C2 CompilerThread2" daemon [_thread_in_native, id=10348, stack(0x0000000019ec0000,0x0000000019fc0000)]
  0x00000000193f5800 JavaThread "C2 CompilerThread1" daemon [_thread_in_native, id=1148, stack(0x0000000019dc0000,0x0000000019ec0000)]
=>0x00000000193f1800 JavaThread "C2 CompilerThread0" daemon [_thread_in_native, id=11292, stack(0x0000000019cc0000,0x0000000019dc0000)]
  0x00000000193f0800 JavaThread "Attach Listener" daemon [_thread_blocked, id=15092, stack(0x0000000019bc0000,0x0000000019cc0000)]
  0x00000000193ef000 JavaThread "Signal Dispatcher" daemon [_thread_blocked, id=2368, stack(0x0000000019ac0000,0x0000000019bc0000)]
  0x00000000193e0800 JavaThread "Finalizer" daemon [_thread_blocked, id=13912, stack(0x00000000198c0000,0x00000000199c0000)]
  0x0000000002577800 JavaThread "Reference Handler" daemon [_thread_blocked, id=1532, stack(0x00000000197c0000,0x00000000198c0000)]
  0x000000000247e800 JavaThread "main" [_thread_blocked, id=9484, stack(0x0000000002280000,0x0000000002380000)]

Other Threads:
  0x00000000175e8000 VMThread [stack: 0x00000000192c0000,0x00000000193c0000] [id=7776]
  0x0000000019491000 WatcherThread [stack: 0x000000001a1c0000,0x000000001a2c0000] [id=9644]

VM state:not at safepoint (normal execution)

VM Mutex/Monitor currently owned by a thread: None

heap address: 0x0000000080000000, size: 2048 MB, Compressed Oops mode: 32-bit
Narrow klass base: 0x0000000000000000, Narrow klass shift: 3
Compressed class space size: 1073741824 Address: 0x0000000100000000

Heap:
 PSYoungGen      total 276992K, used 251496K [0x00000000d5580000, 0x00000000e7480000, 0x0000000100000000)
  eden space 261120K, 96% used [0x00000000d5580000,0x00000000e4b1a260,0x00000000e5480000)
  from space 15872K, 0% used [0x00000000e5580000,0x00000000e5580000,0x00000000e6500000)
  to   space 13824K, 0% used [0x00000000e6700000,0x00000000e6700000,0x00000000e7480000)
 ParOldGen       total 70144K, used 33148K [0x0000000080000000, 0x0000000084480000, 0x00000000d5580000)
  object space 70144K, 47% used [0x0000000080000000,0x000000008205f128,0x0000000084480000)
 Metaspace       used 70662K, capacity 73762K, committed 74024K, reserved 1114112K
  class space    used 9402K, capacity 9996K, committed 10032K, reserved 1048576K

Card table byte_map: [0x0000000011940000,0x0000000011d50000] byte_map_base: 0x0000000011540000

Marking Bits: (ParMarkBitMap*) 0x0000000073c6f030
 Begin Bits: [0x0000000012800000, 0x0000000014800000)
 End Bits:   [0x0000000014800000, 0x0000000016800000)

Polling page: 0x0000000000970000

CodeCache: size=245760Kb used=26160Kb max_used=26160Kb free=219599Kb
 bounds [0x0000000002580000, 0x0000000003f30000, 0x0000000011580000]
 total_blobs=8146 nmethods=7291 adapters=766
 compilation: enabled

Compilation events (10 events):
Event: 121.070 Thread 0x0000000019400800 nmethod 8317 0x0000000003f1a690 code [0x0000000003f1a7e0, 0x0000000003f1a8f0]
Event: 121.070 Thread 0x0000000019400800 8315       3       org.gradle.api.internal.file.DefaultFilePropertyFactory$DefaultDirectoryVar::<init> (18 bytes)
Event: 121.070 Thread 0x0000000019400800 nmethod 8315 0x0000000003f1a950 code [0x0000000003f1ab40, 0x0000000003f1b498]
Event: 121.071 Thread 0x0000000019400800 8318 %     3       java.io.WinNTFileSystem::normalize @ 22 (143 bytes)
Event: 121.072 Thread 0x0000000019400800 nmethod 8318% 0x0000000003f1bb90 code [0x0000000003f1bd80, 0x0000000003f1c6a8]
Event: 121.072 Thread 0x0000000019400800 8319       3       org.gradle.internal.typeconversion.NotationParserBuilder::converter (13 bytes)
Event: 121.072 Thread 0x0000000019400800 nmethod 8319 0x0000000003f1cb90 code [0x0000000003f1cd00, 0x0000000003f1cf28]
Event: 121.073 Thread 0x0000000019400800 8320       3       org.gradle.api.internal.tasks.DefaultTaskDependency::<init> (9 bytes)
Event: 121.074 Thread 0x0000000019400800 nmethod 8320 0x0000000003f1d010 code [0x0000000003f1d180, 0x0000000003f1d470]
Event: 121.075 Thread 0x0000000019400800 8321       3       java.util.Properties$LineReader::readLine (468 bytes)

GC Heap History (10 events):
Event: 3.908 GC heap before
{Heap before GC invocations=12 (full 2):
 PSYoungGen      total 190976K, used 7524K [0x00000000d5580000, 0x00000000e2e80000, 0x0000000100000000)
  eden space 177664K, 0% used [0x00000000d5580000,0x00000000d5580000,0x00000000e0300000)
  from space 13312K, 56% used [0x00000000e0f80000,0x00000000e16d9070,0x00000000e1c80000)
  to   space 12800K, 0% used [0x00000000e0300000,0x00000000e0300000,0x00000000e0f80000)
 ParOldGen       total 33280K, used 14010K [0x0000000080000000, 0x0000000082080000, 0x00000000d5580000)
  object space 33280K, 42% used [0x0000000080000000,0x0000000080daeac0,0x0000000082080000)
 Metaspace       used 34459K, capacity 35396K, committed 35496K, reserved 1079296K
  class space    used 4465K, capacity 4730K, committed 4784K, reserved 1048576K
Event: 3.947 GC heap after
Heap after GC invocations=12 (full 2):
 PSYoungGen      total 190976K, used 0K [0x00000000d5580000, 0x00000000e2e80000, 0x0000000100000000)
  eden space 177664K, 0% used [0x00000000d5580000,0x00000000d5580000,0x00000000e0300000)
  from space 13312K, 0% used [0x00000000e0f80000,0x00000000e0f80000,0x00000000e1c80000)
  to   space 12800K, 0% used [0x00000000e0300000,0x00000000e0300000,0x00000000e0f80000)
 ParOldGen       total 45568K, used 14556K [0x0000000080000000, 0x0000000082c80000, 0x00000000d5580000)
  object space 45568K, 31% used [0x0000000080000000,0x0000000080e37058,0x0000000082c80000)
 Metaspace       used 34343K, capacity 35212K, committed 35496K, reserved 1079296K
  class space    used 4445K, capacity 4690K, committed 4784K, reserved 1048576K
}
Event: 5.086 GC heap before
{Heap before GC invocations=13 (full 2):
 PSYoungGen      total 190976K, used 177664K [0x00000000d5580000, 0x00000000e2e80000, 0x0000000100000000)
  eden space 177664K, 100% used [0x00000000d5580000,0x00000000e0300000,0x00000000e0300000)
  from space 13312K, 0% used [0x00000000e0f80000,0x00000000e0f80000,0x00000000e1c80000)
  to   space 12800K, 0% used [0x00000000e0300000,0x00000000e0300000,0x00000000e0f80000)
 ParOldGen       total 45568K, used 14556K [0x0000000080000000, 0x0000000082c80000, 0x00000000d5580000)
  object space 45568K, 31% used [0x0000000080000000,0x0000000080e37058,0x0000000082c80000)
 Metaspace       used 40539K, capacity 42084K, committed 42408K, reserved 1085440K
  class space    used 5378K, capacity 5708K, committed 5808K, reserved 1048576K
Event: 5.100 GC heap after
Heap after GC invocations=13 (full 2):
 PSYoungGen      total 190464K, used 10536K [0x00000000d5580000, 0x00000000e7480000, 0x0000000100000000)
  eden space 177664K, 0% used [0x00000000d5580000,0x00000000d5580000,0x00000000e0300000)
  from space 12800K, 82% used [0x00000000e0300000,0x00000000e0d4a2e0,0x00000000e0f80000)
  to   space 13824K, 0% used [0x00000000e6700000,0x00000000e6700000,0x00000000e7480000)
 ParOldGen       total 45568K, used 14564K [0x0000000080000000, 0x0000000082c80000, 0x00000000d5580000)
  object space 45568K, 31% used [0x0000000080000000,0x0000000080e39058,0x0000000082c80000)
 Metaspace       used 40539K, capacity 42084K, committed 42408K, reserved 1085440K
  class space    used 5378K, capacity 5708K, committed 5808K, reserved 1048576K
}
Event: 111.062 GC heap before
{Heap before GC invocations=14 (full 2):
 PSYoungGen      total 190464K, used 188187K [0x00000000d5580000, 0x00000000e7480000, 0x0000000100000000)
  eden space 177664K, 99% used [0x00000000d5580000,0x00000000e02fc9d8,0x00000000e0300000)
  from space 12800K, 82% used [0x00000000e0300000,0x00000000e0d4a2e0,0x00000000e0f80000)
  to   space 13824K, 0% used [0x00000000e6700000,0x00000000e6700000,0x00000000e7480000)
 ParOldGen       total 45568K, used 14564K [0x0000000080000000, 0x0000000082c80000, 0x00000000d5580000)
  object space 45568K, 31% used [0x0000000080000000,0x0000000080e39058,0x0000000082c80000)
 Metaspace       used 49526K, capacity 52126K, committed 52392K, reserved 1095680K
  class space    used 6501K, capacity 7018K, committed 7088K, reserved 1048576K
Event: 111.079 GC heap after
Heap after GC invocations=14 (full 2):
 PSYoungGen      total 274944K, used 13517K [0x00000000d5580000, 0x00000000e7480000, 0x0000000100000000)
  eden space 261120K, 0% used [0x00000000d5580000,0x00000000d5580000,0x00000000e5480000)
  from space 13824K, 97% used [0x00000000e6700000,0x00000000e74336c0,0x00000000e7480000)
  to   space 15872K, 0% used [0x00000000e5580000,0x00000000e5580000,0x00000000e6500000)
 ParOldGen       total 45568K, used 19418K [0x0000000080000000, 0x0000000082c80000, 0x00000000d5580000)
  object space 45568K, 42% used [0x0000000080000000,0x00000000812f6948,0x0000000082c80000)
 Metaspace       used 49526K, capacity 52126K, committed 52392K, reserved 1095680K
  class space    used 6501K, capacity 7018K, committed 7088K, reserved 1048576K
}
Event: 112.757 GC heap before
{Heap before GC invocations=15 (full 2):
 PSYoungGen      total 274944K, used 99335K [0x00000000d5580000, 0x00000000e7480000, 0x0000000100000000)
  eden space 261120K, 32% used [0x00000000d5580000,0x00000000da94e5a8,0x00000000e5480000)
  from space 13824K, 97% used [0x00000000e6700000,0x00000000e74336c0,0x00000000e7480000)
  to   space 15872K, 0% used [0x00000000e5580000,0x00000000e5580000,0x00000000e6500000)
 ParOldGen       total 45568K, used 19418K [0x0000000080000000, 0x0000000082c80000, 0x00000000d5580000)
  object space 45568K, 42% used [0x0000000080000000,0x00000000812f6948,0x0000000082c80000)
 Metaspace       used 56308K, capacity 59022K, committed 59160K, reserved 1101824K
  class space    used 7295K, capacity 7836K, committed 7856K, reserved 1048576K
Event: 112.772 GC heap after
Heap after GC invocations=15 (full 2):
 PSYoungGen      total 276992K, used 9838K [0x00000000d5580000, 0x00000000e7480000, 0x0000000100000000)
  eden space 261120K, 0% used [0x00000000d5580000,0x00000000d5580000,0x00000000e5480000)
  from space 15872K, 61% used [0x00000000e5580000,0x00000000e5f1b820,0x00000000e6500000)
  to   space 13824K, 0% used [0x00000000e6700000,0x00000000e6700000,0x00000000e7480000)
 ParOldGen       total 45568K, used 27106K [0x0000000080000000, 0x0000000082c80000, 0x00000000d5580000)
  object space 45568K, 59% used [0x0000000080000000,0x0000000081a78850,0x0000000082c80000)
 Metaspace       used 56308K, capacity 59022K, committed 59160K, reserved 1101824K
  class space    used 7295K, capacity 7836K, committed 7856K, reserved 1048576K
}
Event: 112.772 GC heap before
{Heap before GC invocations=16 (full 3):
 PSYoungGen      total 276992K, used 9838K [0x00000000d5580000, 0x00000000e7480000, 0x0000000100000000)
  eden space 261120K, 0% used [0x00000000d5580000,0x00000000d5580000,0x00000000e5480000)
  from space 15872K, 61% used [0x00000000e5580000,0x00000000e5f1b820,0x00000000e6500000)
  to   space 13824K, 0% used [0x00000000e6700000,0x00000000e6700000,0x00000000e7480000)
 ParOldGen       total 45568K, used 27106K [0x0000000080000000, 0x0000000082c80000, 0x00000000d5580000)
  object space 45568K, 59% used [0x0000000080000000,0x0000000081a78850,0x0000000082c80000)
 Metaspace       used 56308K, capacity 59022K, committed 59160K, reserved 1101824K
  class space    used 7295K, capacity 7836K, committed 7856K, reserved 1048576K
Event: 112.951 GC heap after
Heap after GC invocations=16 (full 3):
 PSYoungGen      total 276992K, used 0K [0x00000000d5580000, 0x00000000e7480000, 0x0000000100000000)
  eden space 261120K, 0% used [0x00000000d5580000,0x00000000d5580000,0x00000000e5480000)
  from space 15872K, 0% used [0x00000000e5580000,0x00000000e5580000,0x00000000e6500000)
  to   space 13824K, 0% used [0x00000000e6700000,0x00000000e6700000,0x00000000e7480000)
 ParOldGen       total 70144K, used 33148K [0x0000000080000000, 0x0000000084480000, 0x00000000d5580000)
  object space 70144K, 47% used [0x0000000080000000,0x000000008205f128,0x0000000084480000)
 Metaspace       used 56193K, capacity 58640K, committed 59160K, reserved 1101824K
  class space    used 7261K, capacity 7757K, committed 7856K, reserved 1048576K
}

Deoptimization events (10 events):
Event: 119.127 Thread 0x000000001aac1000 Uncommon trap: reason=class_check action=maybe_recompile pc=0x000000000309ba5c method=com.google.common.io.CountingInputStream.read([BII)I @ 7
Event: 119.128 Thread 0x000000001aac1000 Uncommon trap: reason=class_check action=maybe_recompile pc=0x000000000309ba5c method=com.google.common.io.CountingInputStream.read([BII)I @ 7
Event: 120.290 Thread 0x000000001aac1000 Uncommon trap: reason=unstable_if action=reinterpret pc=0x0000000002c4a764 method=groovy.lang.MetaClassImpl.checkIfStdMethod(Lgroovy/lang/MetaMethod;)V @ 167
Event: 120.294 Thread 0x000000001aac1000 Uncommon trap: reason=unstable_if action=reinterpret pc=0x000000000272bb80 method=groovy.lang.MetaClassImpl.checkIfStdMethod(Lgroovy/lang/MetaMethod;)V @ 167
Event: 120.497 Thread 0x000000001aac1000 Uncommon trap: reason=bimorphic action=maybe_recompile pc=0x000000000284cd98 method=java.lang.Throwable.<init>(Ljava/lang/String;Ljava/lang/Throwable;)V @ 24
Event: 120.820 Thread 0x000000001aac1000 Uncommon trap: reason=unstable_if action=reinterpret pc=0x00000000033faca0 method=java.util.Properties$LineReader.readLine()I @ 37
Event: 121.068 Thread 0x000000001aac1000 Uncommon trap: reason=unstable_if action=reinterpret pc=0x00000000037ef040 method=java.io.WinNTFileSystem.normalize(Ljava/lang/String;)Ljava/lang/String; @ 74
Event: 121.069 Thread 0x000000001aac1000 Uncommon trap: reason=unstable_if action=reinterpret pc=0x0000000002a933ec method=java.io.WinNTFileSystem.normalize(Ljava/lang/String;II)Ljava/lang/String; @ 103
Event: 121.071 Thread 0x000000001aac1000 Uncommon trap: reason=unstable_if action=reinterpret pc=0x0000000003439c80 method=java.io.WinNTFileSystem.normalize(Ljava/lang/String;)Ljava/lang/String; @ 74
Event: 121.075 Thread 0x000000001aac1000 Uncommon trap: reason=unstable_if action=reinterpret pc=0x0000000002abfac8 method=java.util.Properties$LineReader.readLine()I @ 105

Classes redefined (0 events):
No events

Internal exceptions (10 events):
Event: 120.487 Thread 0x000000001aac1000 Exception <a 'java/lang/ClassNotFoundException': org/gradle/plugins/ide/idea/model/IdeaProjectCustomizer> (0x00000000e38d01c8) thrown at [C:\src\AOSP-openjdk-git\hotspot\src\share\vm\classfile\systemDictionary.cpp, line 210]
Event: 120.488 Thread 0x000000001aac1000 Exception <a 'java/lang/ClassNotFoundException': org/gradle/plugins/ide/idea/model/IdeaProject_DecoratedCustomizer> (0x00000000e392dea8) thrown at [C:\src\AOSP-openjdk-git\hotspot\src\share\vm\classfile\systemDictionary.cpp, line 210]
Event: 120.491 Thread 0x000000001aac1000 Exception <a 'java/lang/ClassNotFoundException': org/gradle/plugins/ide/idea/model/IdeaModule_DecoratedBeanInfo> (0x00000000e3a019b8) thrown at [C:\src\AOSP-openjdk-git\hotspot\src\share\vm\classfile\systemDictionary.cpp, line 210]
Event: 120.492 Thread 0x000000001aac1000 Exception <a 'java/lang/ClassNotFoundException': org/gradle/plugins/ide/idea/model/IdeaModuleBeanInfo> (0x00000000e3a2b050) thrown at [C:\src\AOSP-openjdk-git\hotspot\src\share\vm\classfile\systemDictionary.cpp, line 210]
Event: 120.492 Thread 0x000000001aac1000 Exception <a 'java/lang/ClassNotFoundException': org/gradle/plugins/ide/idea/model/IdeaModuleCustomizer> (0x00000000e3a55200) thrown at [C:\src\AOSP-openjdk-git\hotspot\src\share\vm\classfile\systemDictionary.cpp, line 210]
Event: 120.494 Thread 0x000000001aac1000 Exception <a 'java/lang/ClassNotFoundException': org/gradle/plugins/ide/idea/model/IdeaModule_DecoratedCustomizer> (0x00000000e3afca18) thrown at [C:\src\AOSP-openjdk-git\hotspot\src\share\vm\classfile\systemDictionary.cpp, line 210]
Event: 120.500 Thread 0x000000001aac1000 Exception <a 'java/lang/NoSuchMethodError': <clinit>> (0x00000000e3c534c0) thrown at [C:\src\AOSP-openjdk-git\hotspot\src\share\vm\prims\jni.cpp, line 1615]
Event: 120.503 Thread 0x000000001aac1000 Exception <a 'java/lang/NoSuchMethodError': <clinit>> (0x00000000e3cd68e0) thrown at [C:\src\AOSP-openjdk-git\hotspot\src\share\vm\prims\jni.cpp, line 1615]
Event: 120.914 Thread 0x000000001aac1000 Exception <a 'java/lang/NoSuchMethodError': java.lang.Object.lambda$identity$2(Ljava/lang/Object;)Ljava/lang/Object;> (0x00000000e41232b8) thrown at [C:\src\AOSP-openjdk-git\hotspot\src\share\vm\interpreter\linkResolver.cpp, line 620]
Event: 121.075 Thread 0x000000001aac1000 Implicit null exception at 0x0000000002abf17b to 0x0000000002abfa59

Events (10 events):
Event: 121.071 Thread 0x000000001aac1000 Uncommon trap: trap_request=0xffffff65 fr.pc=0x0000000003439c80
Event: 121.071 Thread 0x000000001aac1000 DEOPT PACKING pc=0x0000000003439c80 sp=0x000000001d8d9240
Event: 121.071 Thread 0x000000001aac1000 DEOPT UNPACKING pc=0x00000000025c557b sp=0x000000001d8d91d0 mode 2
Event: 121.074 loading class com/android/build/gradle/tasks/LintFixTask$GlobalCreationAction
Event: 121.074 loading class com/android/build/gradle/tasks/LintFixTask$GlobalCreationAction done
Event: 121.075 Thread 0x000000001aac1000 Uncommon trap: trap_request=0xffffff65 fr.pc=0x0000000002abfac8
Event: 121.075 Thread 0x000000001aac1000 DEOPT PACKING pc=0x0000000002abfac8 sp=0x000000001d8da4e0
Event: 121.075 Thread 0x000000001aac1000 DEOPT UNPACKING pc=0x00000000025c557b sp=0x000000001d8da4b0 mode 2
Event: 121.075 loading class com/android/build/gradle/tasks/LintFixTask$GlobalCreationAction$configure$1
Event: 121.075 loading class com/android/build/gradle/tasks/LintFixTask$GlobalCreationAction$configure$1 done


Dynamic libraries:
0x00007ff7f30b0000 - 0x00007ff7f30e1000 	C:\Program Files\Android\Android Studio\jre\bin\java.exe
0x00007ffdf8ba0000 - 0x00007ffdf8d90000 	C:\WINDOWS\SYSTEM32\ntdll.dll
0x00007ffdf6da0000 - 0x00007ffdf6e52000 	C:\WINDOWS\System32\KERNEL32.DLL
0x00007ffdf5b30000 - 0x00007ffdf5dd4000 	C:\WINDOWS\System32\KERNELBASE.dll
0x00007ffdf8a50000 - 0x00007ffdf8af3000 	C:\WINDOWS\System32\ADVAPI32.dll
0x00007ffdf6c50000 - 0x00007ffdf6cee000 	C:\WINDOWS\System32\msvcrt.dll
0x00007ffdf89b0000 - 0x00007ffdf8a47000 	C:\WINDOWS\System32\sechost.dll
0x00007ffdf8390000 - 0x00007ffdf84b0000 	C:\WINDOWS\System32\RPCRT4.dll
0x00007ffdf7280000 - 0x00007ffdf7414000 	C:\WINDOWS\System32\USER32.dll
0x00007ffdf6c20000 - 0x00007ffdf6c41000 	C:\WINDOWS\System32\win32u.dll
0x00007ffdf8b00000 - 0x00007ffdf8b26000 	C:\WINDOWS\System32\GDI32.dll
0x00007ffdf6900000 - 0x00007ffdf6a95000 	C:\WINDOWS\System32\gdi32full.dll
0x00007ffdf6b00000 - 0x00007ffdf6b9e000 	C:\WINDOWS\System32\msvcp_win.dll
0x00007ffdf5de0000 - 0x00007ffdf5eda000 	C:\WINDOWS\System32\ucrtbase.dll
0x00007ffde4d50000 - 0x00007ffde4fd4000 	C:\WINDOWS\WinSxS\amd64_microsoft.windows.common-controls_6595b64144ccf1df_6.0.18362.900_none_e6beb9d913147d17\COMCTL32.dll
0x00007ffdf6ee0000 - 0x00007ffdf7215000 	C:\WINDOWS\System32\combase.dll
0x00007ffdf6ba0000 - 0x00007ffdf6c20000 	C:\WINDOWS\System32\bcryptPrimitives.dll
0x00007ffdf8510000 - 0x00007ffdf853e000 	C:\WINDOWS\System32\IMM32.DLL
0x00000000732e0000 - 0x00000000733b2000 	C:\Program Files\Android\Android Studio\jre\jre\bin\msvcr100.dll
0x00000000734a0000 - 0x0000000073ceb000 	C:\Program Files\Android\Android Studio\jre\jre\bin\server\jvm.dll
0x00007ffdf7e10000 - 0x00007ffdf7e18000 	C:\WINDOWS\System32\PSAPI.DLL
0x00007ffdf2910000 - 0x00007ffdf2934000 	C:\WINDOWS\SYSTEM32\WINMM.dll
0x00007ffdf1760000 - 0x00007ffdf1769000 	C:\WINDOWS\SYSTEM32\WSOCK32.dll
0x00007ffdee310000 - 0x00007ffdee31a000 	C:\WINDOWS\SYSTEM32\VERSION.dll
0x00007ffdf80a0000 - 0x00007ffdf810f000 	C:\WINDOWS\System32\WS2_32.dll
0x00007ffdf1af0000 - 0x00007ffdf1b1d000 	C:\WINDOWS\SYSTEM32\WINMMBASE.dll
0x00007ffdf5ee0000 - 0x00007ffdf5f2a000 	C:\WINDOWS\System32\cfgmgr32.dll
0x00007ffdf1750000 - 0x00007ffdf175f000 	C:\Program Files\Android\Android Studio\jre\jre\bin\verify.dll
0x00007ffdf16f0000 - 0x00007ffdf1719000 	C:\Program Files\Android\Android Studio\jre\jre\bin\java.dll
0x00007ffde95d0000 - 0x00007ffde95e6000 	C:\Program Files\Android\Android Studio\jre\jre\bin\zip.dll
0x00007ffdf7720000 - 0x00007ffdf7e06000 	C:\WINDOWS\System32\SHELL32.dll
0x00007ffdf82e0000 - 0x00007ffdf8389000 	C:\WINDOWS\System32\shcore.dll
0x00007ffdf5f80000 - 0x00007ffdf6700000 	C:\WINDOWS\System32\windows.storage.dll
0x00007ffdf5b00000 - 0x00007ffdf5b23000 	C:\WINDOWS\System32\profapi.dll
0x00007ffdf5a70000 - 0x00007ffdf5aba000 	C:\WINDOWS\System32\powrprof.dll
0x00007ffdf5a60000 - 0x00007ffdf5a70000 	C:\WINDOWS\System32\UMPDC.dll
0x00007ffdf7420000 - 0x00007ffdf7472000 	C:\WINDOWS\System32\shlwapi.dll
0x00007ffdf5ae0000 - 0x00007ffdf5af1000 	C:\WINDOWS\System32\kernel.appcore.dll
0x00007ffdf5f60000 - 0x00007ffdf5f77000 	C:\WINDOWS\System32\cryptsp.dll
0x00007ffde8ee0000 - 0x00007ffde8efa000 	C:\Program Files\Android\Android Studio\jre\jre\bin\net.dll
0x00007ffdf4c10000 - 0x00007ffdf4c77000 	C:\WINDOWS\system32\mswsock.dll
0x00007ffde8d20000 - 0x00007ffde8d33000 	C:\Program Files\Android\Android Studio\jre\jre\bin\nio.dll
0x00007ffde87d0000 - 0x00007ffde87f7000 	C:\Users\Saurabh Tripathi\.gradle\native\f6784746aeab05261644944871eae4fe03e0ef1612fff0a4a95f87b438bc6780\windows-amd64\native-platform.dll
0x00007ffdf15a0000 - 0x00007ffdf15ad000 	C:\Program Files\Android\Android Studio\jre\jre\bin\management.dll
0x00007ffdf4760000 - 0x00007ffdf4793000 	C:\WINDOWS\system32\rsaenh.dll
0x00007ffdf5f30000 - 0x00007ffdf5f56000 	C:\WINDOWS\System32\bcrypt.dll
0x00007ffdf5980000 - 0x00007ffdf59a5000 	C:\WINDOWS\SYSTEM32\USERENV.dll
0x00007ffdf4de0000 - 0x00007ffdf4dec000 	C:\WINDOWS\SYSTEM32\CRYPTBASE.dll
0x00007ffdf4920000 - 0x00007ffdf495a000 	C:\WINDOWS\SYSTEM32\IPHLPAPI.DLL
0x00007ffdf8b50000 - 0x00007ffdf8b58000 	C:\WINDOWS\System32\NSI.dll
0x00007ffdea1b0000 - 0x00007ffdea1c6000 	C:\WINDOWS\SYSTEM32\dhcpcsvc6.DLL
0x00007ffdee280000 - 0x00007ffdee29c000 	C:\WINDOWS\SYSTEM32\dhcpcsvc.DLL
0x00007ffdf4960000 - 0x00007ffdf4a2b000 	C:\WINDOWS\SYSTEM32\DNSAPI.dll
0x00007ffdee320000 - 0x00007ffdee32b000 	C:\WINDOWS\SYSTEM32\WINNSI.DLL
0x00007ffde88d0000 - 0x00007ffde88f4000 	C:\Program Files\Android\Android Studio\jre\jre\bin\sunec.dll
0x00007ffde3b30000 - 0x00007ffde3b3a000 	C:\Windows\System32\rasadhlp.dll
0x00007ffde97a0000 - 0x00007ffde9817000 	C:\WINDOWS\System32\fwpuclnt.dll
0x00007ffdf1530000 - 0x00007ffdf153b000 	C:\Program Files\Android\Android Studio\jre\jre\bin\sunmscapi.dll
0x00007ffdf67b0000 - 0x00007ffdf68f9000 	C:\WINDOWS\System32\CRYPT32.dll
0x00007ffdf5ac0000 - 0x00007ffdf5ad2000 	C:\WINDOWS\System32\MSASN1.dll

VM Arguments:
jvm_args: -Xmx2048m -Dfile.encoding=UTF-8 -Duser.country=US -Duser.language=en -Duser.variant 
java_command: org.gradle.launcher.daemon.bootstrap.GradleDaemon 6.5
java_class_path (initial): C:\Users\Saurabh Tripathi\.gradle\wrapper\dists\gradle-6.5-all\2oz4ud9k3tuxjg84bbf55q0tn\gradle-6.5\lib\gradle-launcher-6.5.jar
Launcher Type: SUN_STANDARD

Environment Variables:
PATH=C:\Program Files (x86)\Intel\Intel(R) Management Engine Components\iCLS\;C:\Program Files\Intel\Intel(R) Management Engine Components\iCLS\;C:\WINDOWS\system32;C:\WINDOWS;C:\WINDOWS\System32\Wbem;C:\WINDOWS\System32\WindowsPowerShell\v1.0\;C:\WINDOWS\System32\OpenSSH\;C:\Program Files (x86)\Intel\Intel(R) Management Engine Components\DAL;C:\Program Files\Intel\Intel(R) Management Engine Components\DAL;C:\Program Files (x86)\Intel\Intel(R) Management Engine Components\IPT;C:\Program Files\Intel\Intel(R) Management Engine Components\IPT;C:\Program Files\Java\jdk-11.0.1\bin;C:\Program Files\Git\cmd;C:\ProgramData\chocolatey\bin;C:\Program Files\nodejs\;C:\Users\Saurabh Tripathi\AppData\Local\Microsoft\WindowsApps;C:\Users\Saurabh Tripathi\AppData\Local\Programs\Python\Python36-32\Scripts;C:\Users\Saurabh Tripathi\AppData\Local\Programs\Python\Python36-32;;C:\Program Files\heroku\bin;C:\Users\Saurabh Tripathi\AppData\Local\Programs\Microsoft VS Code\bin;C:\Users\Saurabh Tripathi\AppData\Roaming\npm
USERNAME=Saurabh Tripathi
OS=Windows_NT
PROCESSOR_IDENTIFIER=Intel64 Family 6 Model 142 Stepping 10, GenuineIntel



---------------  S Y S T E M  ---------------

OS: Windows 10.0 , 64 bit Build 18362 (10.0.18362.900)

CPU:total 8 (initial active 8) (4 cores per cpu, 2 threads per core) family 6 model 142 stepping 10, cmov, cx8, fxsr, mmx, sse, sse2, sse3, ssse3, sse4.1, sse4.2, popcnt, avx, avx2, aes, clmul, erms, 3dnowpref, lzcnt, ht, tsc, tscinvbit, bmi1, bmi2, adx

Memory: 4k page, physical 4073468k(339540k free), swap 6905852k(6460k free)

vm_info: OpenJDK 64-Bit Server VM (25.242-b01) for windows-amd64 JRE (1.8.0_242-release-1644-b01), built by "builder" with MS VC++ 10.0 (VS2010)

time: Tue Apr 27 12:48:33 2021
timezone: India Standard Time
elapsed time: 121 seconds (0d 0h 2m 1s)

